2024-04-23 1:49:55 AM +0000  Initial pipeline context: <IDEDistributionProcessingPipelineContext: 0x610b75470; archive(resolved)="<IDEArchive: 0x60000bf18f00>", distributionTask(resolved)="2", distributionDestination(resolved)="1", distributionMethod(resolved)="<IDEDistributionMethodiOSAdHoc: 0x60000992de00>", team(resolved)="<IDEProvisioningDisambiguatableBasicTeam: 0x60000403adc0; teamID='J3V535ZD4K', teamName='Zhejiang Hengji Data Technology Co,. Ltd', teamType='Company', username='jhy@zfp.cn', isFreeProvisioningTeam='0'>">
	Chain (15, self inclusive):
	<IDEDistributionProcessingPipelineContext: 0x610b75470; archive = "<IDEArchive: 0x60000bf18f00>", distributionMethod="<IDEDistributionMethodiOSAdHoc: 0x60000992de00>", team="<IDEProvisioningDisambiguatableBasicTeam: 0x60000403adc0; teamID='J3V535ZD4K', teamName='Zhejiang Hengji Data Technology Co,. Ltd', teamType='Company', username='jhy@zfp.cn', isFreeProvisioningTeam='0'>">
	<IDEDistributionProcessingPipelineContext: 0x610bba200; archive = "<IDEArchive: 0x60000bf18f00>", distributionMethod="<IDEDistributionMethodiOSAdHoc: 0x60000992de00>", team="<IDEProvisioningDisambiguatableBasicTeam: 0x60000403adc0; teamID='J3V535ZD4K', teamName='Zhejiang Hengji Data Technology Co,. Ltd', teamType='Company', username='jhy@zfp.cn', isFreeProvisioningTeam='0'>">
	<IDEDistributionContext: 0x4ca682920; archive = "<IDEArchive: 0x60000bf18f00>", distributionMethod="<IDEDistributionMethodiOSAdHoc: 0x60000992de00>", team="<IDEProvisioningDisambiguatableBasicTeam: 0x60000403adc0; teamID='J3V535ZD4K', teamName='Zhejiang Hengji Data Technology Co,. Ltd', teamType='Company', username='jhy@zfp.cn', isFreeProvisioningTeam='0'>">
	<IDEDistributionContext: 0x488324c00; archive = "<IDEArchive: 0x60000bf18f00>", distributionMethod="<IDEDistributionMethodiOSAdHoc: 0x60000992de00>", team="<IDEProvisioningDisambiguatableBasicTeam: 0x60000403adc0; teamID='J3V535ZD4K', teamName='Zhejiang Hengji Data Technology Co,. Ltd', teamType='Company', username='jhy@zfp.cn', isFreeProvisioningTeam='0'>">
	<IDEDistributionContext: 0x60eef3390; archive = "<IDEArchive: 0x60000bf18f00>", distributionMethod="<IDEDistributionMethodiOSAdHoc: 0x60000992de00>", team="<IDEProvisioningDisambiguatableBasicTeam: 0x60000403adc0; teamID='J3V535ZD4K', teamName='Zhejiang Hengji Data Technology Co,. Ltd', teamType='Company', username='jhy@zfp.cn', isFreeProvisioningTeam='0'>">
	<IDEDistributionContext: 0x488350b20; archive = "<IDEArchive: 0x60000bf18f00>", distributionMethod="<IDEDistributionMethodiOSAdHoc: 0x60000992de00>", team="<IDEProvisioningDisambiguatableBasicTeam: 0x60000403adc0; teamID='J3V535ZD4K', teamName='Zhejiang Hengji Data Technology Co,. Ltd', teamType='Company', username='jhy@zfp.cn', isFreeProvisioningTeam='0'>">
	<IDEDistributionContext: 0x47f89f960; archive = "<IDEArchive: 0x60000bf18f00>", distributionMethod="<IDEDistributionMethodiOSAdHoc: 0x60000992de00>", team="<IDEProvisioningDisambiguatableBasicTeam: 0x60000403adc0; teamID='J3V535ZD4K', teamName='Zhejiang Hengji Data Technology Co,. Ltd', teamType='Company', username='jhy@zfp.cn', isFreeProvisioningTeam='0'>">
	<IDEDistributionContext: 0x47f8744f0; archive = "<IDEArchive: 0x60000bf18f00>", distributionMethod="<IDEDistributionMethodiOSAdHoc: 0x60000992de00>", team="<IDEProvisioningDisambiguatableBasicTeam: 0x60000403adc0; teamID='J3V535ZD4K', teamName='Zhejiang Hengji Data Technology Co,. Ltd', teamType='Company', username='jhy@zfp.cn', isFreeProvisioningTeam='0'>">
	<IDEDistributionContext: 0x4ca6f11f0; archive = "<IDEArchive: 0x60000bf18f00>", distributionMethod="<IDEDistributionMethodiOSAdHoc: 0x60000992de00>", team="<IDEProvisioningDisambiguatableBasicTeam: 0x60000403adc0; teamID='J3V535ZD4K', teamName='Zhejiang Hengji Data Technology Co,. Ltd', teamType='Company', username='jhy@zfp.cn', isFreeProvisioningTeam='0'>">
	<IDEDistributionContext: 0x60f695d20; archive = "<IDEArchive: 0x60000bf18f00>", distributionMethod="<IDEDistributionMethodiOSAdHoc: 0x60000992de00>", team="(null)">
	<IDEDistributionContext: 0x60f74cee0; archive = "<IDEArchive: 0x60000bf18f00>", distributionMethod="<IDEDistributionMethodiOSAdHoc: 0x60000992de00>", team="(null)">
	<IDEDistributionContext: 0x488325b90; archive = "<IDEArchive: 0x60000bf18f00>", distributionMethod="<IDEDistributionMethodiOSAdHoc: 0x60000992de00>", team="(null)">
	<IDEDistributionContext: 0x61604fbc0; archive = "<IDEArchive: 0x60000bf18f00>", distributionMethod="<IDEDistributionMethodiOSAdHoc: 0x60000992de00>", team="(null)">
	<IDEDistributionContext: 0x61487ead0; archive = "<IDEArchive: 0x60000bf18f00>", distributionMethod="(null)", team="(null)">
	<IDEDistributionContext: 0x46a2b48f0; archive = "<IDEArchive: 0x60000bf18f00>", distributionMethod="(null)", team="(null)">
</IDEDistributionProcessingPipelineContext: 0x610b75470>
2024-04-23 1:49:55 AM +0000  Processing step: IDEDistributionCreateDestRootStep
2024-04-23 1:49:55 AM +0000  Processing step: IDEDistributionCopyItemStep
2024-04-23 1:49:55 AM +0000  Running /usr/bin/ditto '-V' '/Users/serika/Library/Developer/Xcode/Archives/2024-04-23/rps-ios 2024-4-23, 9.26 AM.xcarchive/Products/Applications/rps-ios.app' '/var/folders/j7/2_qmngh50758hxcgppsh16t00000gn/T/XcodeDistPipeline.~~~mQjs5T/Root/Payload/rps-ios.app'
2024-04-23 1:49:55 AM +0000  >>> Copying /Users/serika/Library/Developer/Xcode/Archives/2024-04-23/rps-ios 2024-4-23, 9.26 AM.xcarchive/Products/Applications/rps-ios.app 
2024-04-23 1:49:55 AM +0000  copying file ./_CodeSignature/CodeResources ... 
2024-04-23 1:49:55 AM +0000  51221 bytes for ./_CodeSignature/CodeResources
2024-04-23 1:49:55 AM +0000  copying file ./rps-ios ... 
2024-04-23 1:49:55 AM +0000  27883920 bytes for ./rps-ios
2024-04-23 1:49:55 AM +0000  copying file ./AppIcon60x60@2x.png ... 
2024-04-23 1:49:55 AM +0000  5957 bytes for ./AppIcon60x60@2x.png
2024-04-23 1:49:55 AM +0000  copying file ./AMap.bundle/GNaviConfig.xml ... 
2024-04-23 1:49:55 AM +0000  173 bytes for ./AMap.bundle/GNaviConfig.xml
2024-04-23 1:49:55 AM +0000  copying file ./AMap.bundle/res.zip ... 
2024-04-23 1:49:55 AM +0000  344317 bytes for ./AMap.bundle/res.zip
2024-04-23 1:49:55 AM +0000  copying file ./AMap.bundle/customStyle/style-for-custom_0_18_1620911152.data ... 
2024-04-23 1:49:55 AM +0000  20743 bytes for ./AMap.bundle/customStyle/style-for-custom_0_18_1620911152.data
2024-04-23 1:49:55 AM +0000  copying file ./AMap.bundle/skybox-1/bottom.png ... 
2024-04-23 1:49:55 AM +0000  152 bytes for ./AMap.bundle/skybox-1/bottom.png
2024-04-23 1:49:55 AM +0000  copying file ./AMap.bundle/skybox-1/left.png ... 
2024-04-23 1:49:55 AM +0000  30944 bytes for ./AMap.bundle/skybox-1/left.png
2024-04-23 1:49:55 AM +0000  copying file ./AMap.bundle/skybox-1/top.png ... 
2024-04-23 1:49:55 AM +0000  10073 bytes for ./AMap.bundle/skybox-1/top.png
2024-04-23 1:49:55 AM +0000  copying file ./AMap.bundle/skybox-1/back.png ... 
2024-04-23 1:49:55 AM +0000  15030 bytes for ./AMap.bundle/skybox-1/back.png
2024-04-23 1:49:55 AM +0000  copying file ./AMap.bundle/skybox-1/right.png ... 
2024-04-23 1:49:55 AM +0000  32381 bytes for ./AMap.bundle/skybox-1/right.png
2024-04-23 1:49:55 AM +0000  copying file ./AMap.bundle/skybox-1/front.png ... 
2024-04-23 1:49:55 AM +0000  12293 bytes for ./AMap.bundle/skybox-1/front.png
2024-04-23 1:49:55 AM +0000  copying file ./AMap.bundle/images/purplePin@3x.png ... 
2024-04-23 1:49:55 AM +0000  2617 bytes for ./AMap.bundle/images/purplePin@3x.png
2024-04-23 1:49:55 AM +0000  copying file ./AMap.bundle/images/arrow_line_outer.png ... 
2024-04-23 1:49:55 AM +0000  399 bytes for ./AMap.bundle/images/arrow_line_outer.png
2024-04-23 1:49:55 AM +0000  copying file ./AMap.bundle/images/greenPin@3x.png ... 
2024-04-23 1:49:55 AM +0000  2707 bytes for ./AMap.bundle/images/greenPin@3x.png
2024-04-23 1:49:55 AM +0000  copying file ./AMap.bundle/images/offline_shouqi_2@2x.png ... 
2024-04-23 1:49:55 AM +0000  221 bytes for ./AMap.bundle/images/offline_shouqi_2@2x.png
2024-04-23 1:49:55 AM +0000  copying file ./AMap.bundle/images/particle_fog.png ... 
2024-04-23 1:49:55 AM +0000  79020 bytes for ./AMap.bundle/images/particle_fog.png
2024-04-23 1:49:55 AM +0000  copying file ./AMap.bundle/images/lineTexture.png ... 
2024-04-23 1:49:55 AM +0000  103 bytes for ./AMap.bundle/images/lineTexture.png
2024-04-23 1:49:55 AM +0000  copying file ./AMap.bundle/images/greenPin_lift@3x.png ... 
2024-04-23 1:49:55 AM +0000  906 bytes for ./AMap.bundle/images/greenPin_lift@3x.png
2024-04-23 1:49:55 AM +0000  copying file ./AMap.bundle/images/greenPin_lift@2x.png ... 
2024-04-23 1:49:55 AM +0000  631 bytes for ./AMap.bundle/images/greenPin_lift@2x.png
2024-04-23 1:49:55 AM +0000  copying file ./AMap.bundle/images/offline_shouqi@2x.png ... 
2024-04-23 1:49:55 AM +0000  197 bytes for ./AMap.bundle/images/offline_shouqi@2x.png
2024-04-23 1:49:55 AM +0000  copying file ./AMap.bundle/images/offline_zhankai@2x.png ... 
2024-04-23 1:49:55 AM +0000  200 bytes for ./AMap.bundle/images/offline_zhankai@2x.png
2024-04-23 1:49:55 AM +0000  copying file ./AMap.bundle/images/particle_rain.png ... 
2024-04-23 1:49:55 AM +0000  477 bytes for ./AMap.bundle/images/particle_rain.png
2024-04-23 1:49:55 AM +0000  copying file ./AMap.bundle/images/calloutArrowMask.png ... 
2024-04-23 1:49:55 AM +0000  271 bytes for ./AMap.bundle/images/calloutArrowMask.png
2024-04-23 1:49:55 AM +0000  copying file ./AMap.bundle/images/traffic_texture_red.png ... 
2024-04-23 1:49:55 AM +0000  315 bytes for ./AMap.bundle/images/traffic_texture_red.png
2024-04-23 1:49:55 AM +0000  copying file ./AMap.bundle/images/calloutArrowMask@2x.png ... 
2024-04-23 1:49:55 AM +0000  410 bytes for ./AMap.bundle/images/calloutArrowMask@2x.png
2024-04-23 1:49:55 AM +0000  copying file ./AMap.bundle/images/greenPin@2x.png ... 
2024-04-23 1:49:55 AM +0000  1893 bytes for ./AMap.bundle/images/greenPin@2x.png
2024-04-23 1:49:55 AM +0000  copying file ./AMap.bundle/images/particle_sun_1.png ... 
2024-04-23 1:49:55 AM +0000  1078 bytes for ./AMap.bundle/images/particle_sun_1.png
2024-04-23 1:49:55 AM +0000  copying file ./AMap.bundle/images/particle_sun_0.png ... 
2024-04-23 1:49:55 AM +0000  1116 bytes for ./AMap.bundle/images/particle_sun_0.png
2024-04-23 1:49:55 AM +0000  copying file ./AMap.bundle/images/purplePin@2x.png ... 
2024-04-23 1:49:55 AM +0000  1873 bytes for ./AMap.bundle/images/purplePin@2x.png
2024-04-23 1:49:55 AM +0000  copying file ./AMap.bundle/images/offline_sousuo@2x.png ... 
2024-04-23 1:49:55 AM +0000  518 bytes for ./AMap.bundle/images/offline_sousuo@2x.png
2024-04-23 1:49:55 AM +0000  copying file ./AMap.bundle/images/select_.png ... 
2024-04-23 1:49:55 AM +0000  479 bytes for ./AMap.bundle/images/select_.png
2024-04-23 1:49:55 AM +0000  copying file ./AMap.bundle/images/pin_shadow.png ... 
2024-04-23 1:49:55 AM +0000  609 bytes for ./AMap.bundle/images/pin_shadow.png
2024-04-23 1:49:55 AM +0000  copying file ./AMap.bundle/images/offline_clear@2x.png ... 
2024-04-23 1:49:55 AM +0000  715 bytes for ./AMap.bundle/images/offline_clear@2x.png
2024-04-23 1:49:55 AM +0000  copying file ./AMap.bundle/images/arrow_line_inner.png ... 
2024-04-23 1:49:55 AM +0000  335 bytes for ./AMap.bundle/images/arrow_line_inner.png
2024-04-23 1:49:55 AM +0000  copying file ./AMap.bundle/images/greenPin.png ... 
2024-04-23 1:49:55 AM +0000  988 bytes for ./AMap.bundle/images/greenPin.png
2024-04-23 1:49:55 AM +0000  copying file ./AMap.bundle/images/offline_down@2x.png ... 
2024-04-23 1:49:55 AM +0000  511 bytes for ./AMap.bundle/images/offline_down@2x.png
2024-04-23 1:49:55 AM +0000  copying file ./AMap.bundle/images/arrow_line_3d_shadow.png ... 
2024-04-23 1:49:55 AM +0000  824 bytes for ./AMap.bundle/images/arrow_line_3d_shadow.png
2024-04-23 1:49:55 AM +0000  copying file ./AMap.bundle/images/purplePin_lift.png ... 
2024-04-23 1:49:55 AM +0000  326 bytes for ./AMap.bundle/images/purplePin_lift.png
2024-04-23 1:49:55 AM +0000  copying file ./AMap.bundle/images/redPin_lift@3x.png ... 
2024-04-23 1:49:55 AM +0000  880 bytes for ./AMap.bundle/images/redPin_lift@3x.png
2024-04-23 1:49:55 AM +0000  copying file ./AMap.bundle/images/redPin_lift.png ... 
2024-04-23 1:49:55 AM +0000  338 bytes for ./AMap.bundle/images/redPin_lift.png
2024-04-23 1:49:55 AM +0000  copying file ./AMap.bundle/images/particle_haze.png ... 
2024-04-23 1:49:55 AM +0000  260 bytes for ./AMap.bundle/images/particle_haze.png
2024-04-23 1:49:55 AM +0000  copying file ./AMap.bundle/images/terrainDefault.png ... 
2024-04-23 1:49:55 AM +0000  4568 bytes for ./AMap.bundle/images/terrainDefault.png
2024-04-23 1:49:55 AM +0000  copying file ./AMap.bundle/images/lineDashTexture.png ... 
2024-04-23 1:49:55 AM +0000  171 bytes for ./AMap.bundle/images/lineDashTexture.png
2024-04-23 1:49:55 AM +0000  copying file ./AMap.bundle/images/traffic_texture_blue.png ... 
2024-04-23 1:49:55 AM +0000  308 bytes for ./AMap.bundle/images/traffic_texture_blue.png
2024-04-23 1:49:55 AM +0000  copying file ./AMap.bundle/images/traffic_texture_green.png ... 
2024-04-23 1:49:55 AM +0000  263 bytes for ./AMap.bundle/images/traffic_texture_green.png
2024-04-23 1:49:55 AM +0000  copying file ./AMap.bundle/images/traffic_texture_yellow.png ... 
2024-04-23 1:49:55 AM +0000  291 bytes for ./AMap.bundle/images/traffic_texture_yellow.png
2024-04-23 1:49:55 AM +0000  copying file ./AMap.bundle/images/marker_blue@2x.png ... 
2024-04-23 1:49:55 AM +0000  1361 bytes for ./AMap.bundle/images/marker_blue@2x.png
2024-04-23 1:49:55 AM +0000  copying file ./AMap.bundle/images/arrow_line_3d_outer.png ... 
2024-04-23 1:49:55 AM +0000  329 bytes for ./AMap.bundle/images/arrow_line_3d_outer.png
2024-04-23 1:49:55 AM +0000  copying file ./AMap.bundle/images/purplePin.png ... 
2024-04-23 1:49:55 AM +0000  988 bytes for ./AMap.bundle/images/purplePin.png
2024-04-23 1:49:55 AM +0000  copying file ./AMap.bundle/images/redPin_lift@2x.png ... 
2024-04-23 1:49:55 AM +0000  639 bytes for ./AMap.bundle/images/redPin_lift@2x.png
2024-04-23 1:49:55 AM +0000  copying file ./AMap.bundle/images/particle_snow.png ... 
2024-04-23 1:49:55 AM +0000  683 bytes for ./AMap.bundle/images/particle_snow.png
2024-04-23 1:49:55 AM +0000  copying file ./AMap.bundle/images/traffic_texture_darkred.png ... 
2024-04-23 1:49:55 AM +0000  281 bytes for ./AMap.bundle/images/traffic_texture_darkred.png
2024-04-23 1:49:55 AM +0000  copying file ./AMap.bundle/images/select_@3x.png ... 
2024-04-23 1:49:55 AM +0000  1103 bytes for ./AMap.bundle/images/select_@3x.png
2024-04-23 1:49:55 AM +0000  copying file ./AMap.bundle/images/lineDashTextureDot.png ... 
2024-04-23 1:49:55 AM +0000  432 bytes for ./AMap.bundle/images/lineDashTextureDot.png
2024-04-23 1:49:55 AM +0000  copying file ./AMap.bundle/images/infowindow.jpg ... 
2024-04-23 1:49:55 AM +0000  2280 bytes for ./AMap.bundle/images/infowindow.jpg
2024-04-23 1:49:55 AM +0000  copying file ./AMap.bundle/images/pin_shadow@2x.png ... 
2024-04-23 1:49:55 AM +0000  1155 bytes for ./AMap.bundle/images/pin_shadow@2x.png
2024-04-23 1:49:55 AM +0000  copying file ./AMap.bundle/images/redPin@3x.png ... 
2024-04-23 1:49:55 AM +0000  2718 bytes for ./AMap.bundle/images/redPin@3x.png
2024-04-23 1:49:55 AM +0000  copying file ./AMap.bundle/images/purplePin_lift@2x.png ... 
2024-04-23 1:49:55 AM +0000  625 bytes for ./AMap.bundle/images/purplePin_lift@2x.png
2024-04-23 1:49:55 AM +0000  copying file ./AMap.bundle/images/purplePin_lift@3x.png ... 
2024-04-23 1:49:55 AM +0000  869 bytes for ./AMap.bundle/images/purplePin_lift@3x.png
2024-04-23 1:49:55 AM +0000  copying file ./AMap.bundle/images/lineTextureThin.png ... 
2024-04-23 1:49:55 AM +0000  134 bytes for ./AMap.bundle/images/lineTextureThin.png
2024-04-23 1:49:55 AM +0000  copying file ./AMap.bundle/images/redPin@2x.png ... 
2024-04-23 1:49:55 AM +0000  1878 bytes for ./AMap.bundle/images/redPin@2x.png
2024-04-23 1:49:55 AM +0000  copying file ./AMap.bundle/images/offline_zhankai_2@2x.png ... 
2024-04-23 1:49:55 AM +0000  217 bytes for ./AMap.bundle/images/offline_zhankai_2@2x.png
2024-04-23 1:49:55 AM +0000  copying file ./AMap.bundle/images/pin_shadow@3x.png ... 
2024-04-23 1:49:55 AM +0000  1817 bytes for ./AMap.bundle/images/pin_shadow@3x.png
2024-04-23 1:49:55 AM +0000  copying file ./AMap.bundle/images/traffic_texture_gray.png ... 
2024-04-23 1:49:55 AM +0000  291 bytes for ./AMap.bundle/images/traffic_texture_gray.png
2024-04-23 1:49:55 AM +0000  copying file ./AMap.bundle/images/arrow_line_3d_inner.png ... 
2024-04-23 1:49:55 AM +0000  401 bytes for ./AMap.bundle/images/arrow_line_3d_inner.png
2024-04-23 1:49:55 AM +0000  copying file ./AMap.bundle/images/redPin.png ... 
2024-04-23 1:49:55 AM +0000  983 bytes for ./AMap.bundle/images/redPin.png
2024-04-23 1:49:55 AM +0000  copying file ./AMap.bundle/images/select_@2x.png ... 
2024-04-23 1:49:55 AM +0000  479 bytes for ./AMap.bundle/images/select_@2x.png
2024-04-23 1:49:55 AM +0000  copying file ./AMap.bundle/images/marker_blue.png ... 
2024-04-23 1:49:55 AM +0000  667 bytes for ./AMap.bundle/images/marker_blue.png
2024-04-23 1:49:55 AM +0000  copying file ./AMap.bundle/images/greenPin_lift.png ... 
2024-04-23 1:49:55 AM +0000  325 bytes for ./AMap.bundle/images/greenPin_lift.png
2024-04-23 1:49:55 AM +0000  copying file ./AMap.bundle/terrainStyle.data ... 
2024-04-23 1:49:55 AM +0000  6887 bytes for ./AMap.bundle/terrainStyle.data
2024-04-23 1:49:55 AM +0000  copying file ./AMap.bundle/res.ck ... 
2024-04-23 1:49:55 AM +0000  32 bytes for ./AMap.bundle/res.ck
2024-04-23 1:49:55 AM +0000  copying file ./AMap.bundle/high-frequency-devices.plist ... 
2024-04-23 1:49:55 AM +0000  364 bytes for ./AMap.bundle/high-frequency-devices.plist
2024-04-23 1:49:55 AM +0000  copying file ./AMap.bundle/icons.bundle/icons_1_18_1620803672.data ... 
2024-04-23 1:49:55 AM +0000  64305 bytes for ./AMap.bundle/icons.bundle/icons_1_18_1620803672.data
2024-04-23 1:49:55 AM +0000  copying file ./AMap.bundle/icons.bundle/icons_2_18_1620803665.data ... 
2024-04-23 1:49:55 AM +0000  71164 bytes for ./AMap.bundle/icons.bundle/icons_2_18_1620803665.data
2024-04-23 1:49:55 AM +0000  copying file ./AMap.bundle/icons.bundle/icons_4_18_1624863920.data ... 
2024-04-23 1:49:55 AM +0000  39235 bytes for ./AMap.bundle/icons.bundle/icons_4_18_1624863920.data
2024-04-23 1:49:55 AM +0000  copying file ./AMap.bundle/icons.bundle/icons_50_18_1621241047.data ... 
2024-04-23 1:49:55 AM +0000  32049 bytes for ./AMap.bundle/icons.bundle/icons_50_18_1621241047.data
2024-04-23 1:49:55 AM +0000  copying file ./AMap.bundle/offline/offlinePackage.plist ... 
2024-04-23 1:49:55 AM +0000  108395 bytes for ./AMap.bundle/offline/offlinePackage.plist
2024-04-23 1:49:55 AM +0000  copying file ./AMap.bundle/AMap3D.bundle/style_2_d_21_1680589176.data ... 
2024-04-23 1:49:55 AM +0000  22634 bytes for ./AMap.bundle/AMap3D.bundle/style_2_d_21_1680589176.data
2024-04-23 1:49:55 AM +0000  copying file ./AMap.bundle/AMap3D.bundle/style_17_s_21_1655347084.data ... 
2024-04-23 1:49:55 AM +0000  152 bytes for ./AMap.bundle/AMap3D.bundle/style_17_s_21_1655347084.data
2024-04-23 1:49:55 AM +0000  copying file ./AMap.bundle/AMap3D.bundle/3d_navi_sky_day.data ... 
2024-04-23 1:49:55 AM +0000  32835 bytes for ./AMap.bundle/AMap3D.bundle/3d_navi_sky_day.data
2024-04-23 1:49:55 AM +0000  copying file ./AMap.bundle/AMap3D.bundle/style_5_s_21_1678776244.data ... 
2024-04-23 1:49:55 AM +0000  26029 bytes for ./AMap.bundle/AMap3D.bundle/style_5_s_21_1678776244.data
2024-04-23 1:49:55 AM +0000  copying file ./AMap.bundle/AMap3D.bundle/style_2_s_21_1680589176.data ... 
2024-04-23 1:49:55 AM +0000  67102 bytes for ./AMap.bundle/AMap3D.bundle/style_2_s_21_1680589176.data
2024-04-23 1:49:55 AM +0000  copying file ./AMap.bundle/AMap3D.bundle/dash.data ... 
2024-04-23 1:49:55 AM +0000  241 bytes for ./AMap.bundle/AMap3D.bundle/dash.data
2024-04-23 1:49:55 AM +0000  copying file ./AMap.bundle/AMap3D.bundle/style_35_sh_21_1680057953.data ... 
2024-04-23 1:49:55 AM +0000  468 bytes for ./AMap.bundle/AMap3D.bundle/style_35_sh_21_1680057953.data
2024-04-23 1:49:55 AM +0000  copying file ./AMap.bundle/AMap3D.bundle/anscii_0.png ... 
2024-04-23 1:49:55 AM +0000  4473 bytes for ./AMap.bundle/AMap3D.bundle/anscii_0.png
2024-04-23 1:49:55 AM +0000  copying file ./AMap.bundle/AMap3D.bundle/VM3DRes/grass_night.png ... 
2024-04-23 1:49:55 AM +0000  82 bytes for ./AMap.bundle/AMap3D.bundle/VM3DRes/grass_night.png
2024-04-23 1:49:55 AM +0000  copying file ./AMap.bundle/AMap3D.bundle/VM3DRes/cross_sky_night.png ... 
2024-04-23 1:49:55 AM +0000  17123 bytes for ./AMap.bundle/AMap3D.bundle/VM3DRes/cross_sky_night.png
2024-04-23 1:49:55 AM +0000  copying file ./AMap.bundle/AMap3D.bundle/VM3DRes/icons_42_18_1615218949.data ... 
2024-04-23 1:49:55 AM +0000  365836 bytes for ./AMap.bundle/AMap3D.bundle/VM3DRes/icons_42_18_1615218949.data
2024-04-23 1:49:55 AM +0000  copying file ./AMap.bundle/AMap3D.bundle/VM3DRes/d_yellow_night.png ... 
2024-04-23 1:49:55 AM +0000  15480 bytes for ./AMap.bundle/AMap3D.bundle/VM3DRes/d_yellow_night.png
2024-04-23 1:49:55 AM +0000  copying file ./AMap.bundle/AMap3D.bundle/VM3DRes/crossing_nigth_bk.data ... 
2024-04-23 1:49:55 AM +0000  752 bytes for ./AMap.bundle/AMap3D.bundle/VM3DRes/crossing_nigth_bk.data
2024-04-23 1:49:55 AM +0000  copying file ./AMap.bundle/AMap3D.bundle/VM3DRes/cross_bk_grass_day.png ... 
2024-04-23 1:49:55 AM +0000  83899 bytes for ./AMap.bundle/AMap3D.bundle/VM3DRes/cross_bk_grass_day.png
2024-04-23 1:49:55 AM +0000  copying file ./AMap.bundle/AMap3D.bundle/VM3DRes/road_bottom_day.png ... 
2024-04-23 1:49:55 AM +0000  1523 bytes for ./AMap.bundle/AMap3D.bundle/VM3DRes/road_bottom_day.png
2024-04-23 1:49:55 AM +0000  copying file ./AMap.bundle/AMap3D.bundle/VM3DRes/1016_1.png ... 
2024-04-23 1:49:55 AM +0000  370 bytes for ./AMap.bundle/AMap3D.bundle/VM3DRes/1016_1.png
2024-04-23 1:49:55 AM +0000  copying file ./AMap.bundle/AMap3D.bundle/VM3DRes/1016_2.png ... 
2024-04-23 1:49:55 AM +0000  297 bytes for ./AMap.bundle/AMap3D.bundle/VM3DRes/1016_2.png
2024-04-23 1:49:55 AM +0000  copying file ./AMap.bundle/AMap3D.bundle/VM3DRes/d_yellow_day.png ... 
2024-04-23 1:49:55 AM +0000  15480 bytes for ./AMap.bundle/AMap3D.bundle/VM3DRes/d_yellow_day.png
2024-04-23 1:49:55 AM +0000  copying file ./AMap.bundle/AMap3D.bundle/VM3DRes/exit_label_bk_secondary_day.png ... 
2024-04-23 1:49:55 AM +0000  179 bytes for ./AMap.bundle/AMap3D.bundle/VM3DRes/exit_label_bk_secondary_day.png
2024-04-23 1:49:55 AM +0000  copying file ./AMap.bundle/AMap3D.bundle/VM3DRes/grass_day.png ... 
2024-04-23 1:49:55 AM +0000  82 bytes for ./AMap.bundle/AMap3D.bundle/VM3DRes/grass_day.png
2024-04-23 1:49:55 AM +0000  copying file ./AMap.bundle/AMap3D.bundle/VM3DRes/1015_1.png ... 
2024-04-23 1:49:55 AM +0000  1094 bytes for ./AMap.bundle/AMap3D.bundle/VM3DRes/1015_1.png
2024-04-23 1:49:55 AM +0000  copying file ./AMap.bundle/AMap3D.bundle/VM3DRes/cross_bk_grass_night.png ... 
2024-04-23 1:49:55 AM +0000  60533 bytes for ./AMap.bundle/AMap3D.bundle/VM3DRes/cross_bk_grass_night.png
2024-04-23 1:49:55 AM +0000  copying file ./AMap.bundle/AMap3D.bundle/VM3DRes/roadbk_main_day.png ... 
2024-04-23 1:49:55 AM +0000  99 bytes for ./AMap.bundle/AMap3D.bundle/VM3DRes/roadbk_main_day.png
2024-04-23 1:49:55 AM +0000  copying file ./AMap.bundle/AMap3D.bundle/VM3DRes/1015_2.png ... 
2024-04-23 1:49:55 AM +0000  108 bytes for ./AMap.bundle/AMap3D.bundle/VM3DRes/1015_2.png
2024-04-23 1:49:55 AM +0000  copying file ./AMap.bundle/AMap3D.bundle/VM3DRes/exit_label_bk_main_day.png ... 
2024-04-23 1:49:55 AM +0000  175 bytes for ./AMap.bundle/AMap3D.bundle/VM3DRes/exit_label_bk_main_day.png
2024-04-23 1:49:55 AM +0000  copying file ./AMap.bundle/AMap3D.bundle/VM3DRes/cross_sky_day.png ... 
2024-04-23 1:49:55 AM +0000  20699 bytes for ./AMap.bundle/AMap3D.bundle/VM3DRes/cross_sky_day.png
2024-04-23 1:49:55 AM +0000  copying file ./AMap.bundle/AMap3D.bundle/VM3DRes/road_bottom_night.png ... 
2024-04-23 1:49:55 AM +0000  1523 bytes for ./AMap.bundle/AMap3D.bundle/VM3DRes/road_bottom_night.png
2024-04-23 1:49:55 AM +0000  copying file ./AMap.bundle/AMap3D.bundle/VM3DRes/roadbk_main_night.png ... 
2024-04-23 1:49:55 AM +0000  82 bytes for ./AMap.bundle/AMap3D.bundle/VM3DRes/roadbk_main_night.png
2024-04-23 1:49:55 AM +0000  copying file ./AMap.bundle/AMap3D.bundle/VM3DRes/crossing_day_bk.data ... 
2024-04-23 1:49:55 AM +0000  1199 bytes for ./AMap.bundle/AMap3D.bundle/VM3DRes/crossing_day_bk.data
2024-04-23 1:49:55 AM +0000  copying file ./AMap.bundle/AMap3D.bundle/icons_5_21_1680057953.data ... 
2024-04-23 1:49:55 AM +0000  184990 bytes for ./AMap.bundle/AMap3D.bundle/icons_5_21_1680057953.data
2024-04-23 1:49:55 AM +0000  copying file ./AMap.bundle/AMap3D.bundle/bktile_n.data ... 
2024-04-23 1:49:55 AM +0000  1091 bytes for ./AMap.bundle/AMap3D.bundle/bktile_n.data
2024-04-23 1:49:55 AM +0000  copying file ./AMap.bundle/AMap3D.bundle/icons_11_21_1680057953.data ... 
2024-04-23 1:49:55 AM +0000  91582 bytes for ./AMap.bundle/AMap3D.bundle/icons_11_21_1680057953.data
2024-04-23 1:49:55 AM +0000  copying file ./AMap.bundle/AMap3D.bundle/tmc3d_allinone.data ... 
2024-04-23 1:49:55 AM +0000  21943 bytes for ./AMap.bundle/AMap3D.bundle/tmc3d_allinone.data
copying file ./AMap.bundle/AMap3D.bundle/style_6_s_21_1678776860.data ... 
2024-04-23 1:49:55 AM +0000  48736 bytes for ./AMap.bundle/AMap3D.bundle/style_6_s_21_1678776860.data
copying file ./AMap.bundle/AMap3D.bundle/icons_201_21_1680057953.data ... 
2024-04-23 1:49:55 AM +0000  176967 bytes for ./AMap.bundle/AMap3D.bundle/icons_201_21_1680057953.data
2024-04-23 1:49:55 AM +0000  copying file ./AMap.bundle/AMap3D.bundle/bktile.data ... 
2024-04-23 1:49:55 AM +0000  1091 bytes for ./AMap.bundle/AMap3D.bundle/bktile.data
2024-04-23 1:49:55 AM +0000  copying file ./AMap.bundle/AMap3D.bundle/tmc3d_n_l_allinone.data ... 
2024-04-23 1:49:55 AM +0000  21943 bytes for ./AMap.bundle/AMap3D.bundle/tmc3d_n_l_allinone.data
2024-04-23 1:49:55 AM +0000  copying file ./AMap.bundle/AMap3D.bundle/style_35_s_21_1681131121.data ... 
2024-04-23 1:49:55 AM +0000  26484 bytes for ./AMap.bundle/AMap3D.bundle/style_35_s_21_1681131121.data
2024-04-23 1:49:55 AM +0000  copying file ./AMap.bundle/AMap3D.bundle/icons_6_21_1680057953.data ... 
2024-04-23 1:49:55 AM +0000  44499 bytes for ./AMap.bundle/AMap3D.bundle/icons_6_21_1680057953.data
2024-04-23 1:49:55 AM +0000  copying file ./AMap.bundle/AMap3D.bundle/style_2_sh_m_21_1680057953.data ... 
2024-04-23 1:49:55 AM +0000  432 bytes for ./AMap.bundle/AMap3D.bundle/style_2_sh_m_21_1680057953.data
2024-04-23 1:49:55 AM +0000  copying file ./AMap.bundle/AMap3D.bundle/tmc3d_n_allinone.data ... 
2024-04-23 1:49:55 AM +0000  21919 bytes for ./AMap.bundle/AMap3D.bundle/tmc3d_n_allinone.data
2024-04-23 1:49:55 AM +0000  copying file ./AMap.bundle/AMap3D.bundle/dash_cd.data ... 
2024-04-23 1:49:55 AM +0000  1034 bytes for ./AMap.bundle/AMap3D.bundle/dash_cd.data
2024-04-23 1:49:55 AM +0000  copying file ./AMap.bundle/AMap3D.bundle/laneprofile_1_21_1681099982.data ... 
2024-04-23 1:49:55 AM +0000  2789 bytes for ./AMap.bundle/AMap3D.bundle/laneprofile_1_21_1681099982.data
2024-04-23 1:49:55 AM +0000  copying file ./AMap.bundle/AMap3D.bundle/search_scenic_icon.data ... 
2024-04-23 1:49:55 AM +0000  524355 bytes for ./AMap.bundle/AMap3D.bundle/search_scenic_icon.data
2024-04-23 1:49:55 AM +0000  copying file ./AMap.bundle/AMap3D.bundle/tmc_blind_allinone.data ... 
2024-04-23 1:49:55 AM +0000  21919 bytes for ./AMap.bundle/AMap3D.bundle/tmc_blind_allinone.data
2024-04-23 1:49:55 AM +0000  copying file ./AMap.bundle/AMap3D.bundle/style_1_sh_m_21_1680057953.data ... 
2024-04-23 1:49:55 AM +0000  447 bytes for ./AMap.bundle/AMap3D.bundle/style_1_sh_m_21_1680057953.data
2024-04-23 1:49:55 AM +0000  copying file ./AMap.bundle/AMap3D.bundle/3d_sky_day.data ... 
2024-04-23 1:49:55 AM +0000  69975 bytes for ./AMap.bundle/AMap3D.bundle/3d_sky_day.data
2024-04-23 1:49:55 AM +0000  copying file ./AMap.bundle/AMap3D.bundle/style_19_s_21_1678776357.data ... 
2024-04-23 1:49:55 AM +0000  2437 bytes for ./AMap.bundle/AMap3D.bundle/style_19_s_21_1678776357.data
2024-04-23 1:49:55 AM +0000  copying file ./AMap.bundle/AMap3D.bundle/style_29_s_21_1679988739.data ... 
2024-04-23 1:49:55 AM +0000  11199 bytes for ./AMap.bundle/AMap3D.bundle/style_29_s_21_1679988739.data
2024-04-23 1:49:55 AM +0000  copying file ./AMap.bundle/AMap3D.bundle/style_0_21_1681133945.data ... 
2024-04-23 1:49:55 AM +0000  20545 bytes for ./AMap.bundle/AMap3D.bundle/style_0_21_1681133945.data
2024-04-23 1:49:55 AM +0000  copying file ./AMap.bundle/AMap3D.bundle/style_35_sl_21_1681131121.data ... 
2024-04-23 1:49:55 AM +0000  26542 bytes for ./AMap.bundle/AMap3D.bundle/style_35_sl_21_1681131121.data
2024-04-23 1:49:55 AM +0000  copying file ./AMap.bundle/AMap3D.bundle/style_1_sh_21_1680057953.data ... 
2024-04-23 1:49:55 AM +0000  548 bytes for ./AMap.bundle/AMap3D.bundle/style_1_sh_21_1680057953.data
2024-04-23 1:49:55 AM +0000  copying file ./AMap.bundle/AMap3D.bundle/icons_3_21_1680057953.data ... 
2024-04-23 1:49:55 AM +0000  62418 bytes for ./AMap.bundle/AMap3D.bundle/icons_3_21_1680057953.data
2024-04-23 1:49:55 AM +0000  copying file ./AMap.bundle/AMap3D.bundle/laneprofile_low_1_21_1680057984.data ... 
2024-04-23 1:49:55 AM +0000  2788 bytes for ./AMap.bundle/AMap3D.bundle/laneprofile_low_1_21_1680057984.data
2024-04-23 1:49:55 AM +0000  copying file ./AMap.bundle/AMap3D.bundle/tmc_n_allinone.data ... 
2024-04-23 1:49:55 AM +0000  21919 bytes for ./AMap.bundle/AMap3D.bundle/tmc_n_allinone.data
2024-04-23 1:49:55 AM +0000  copying file ./AMap.bundle/AMap3D.bundle/style_1_sl_21_1680092748.data ... 
2024-04-23 1:49:55 AM +0000  71268 bytes for ./AMap.bundle/AMap3D.bundle/style_1_sl_21_1680092748.data
2024-04-23 1:49:55 AM +0000  copying file ./AMap.bundle/AMap3D.bundle/style_18_s_21_1678776921.data ... 
2024-04-23 1:49:55 AM +0000  31994 bytes for ./AMap.bundle/AMap3D.bundle/style_18_s_21_1678776921.data
2024-04-23 1:49:55 AM +0000  copying file ./AMap.bundle/AMap3D.bundle/icons_74_21_1680057953.data ... 
2024-04-23 1:49:55 AM +0000  20263 bytes for ./AMap.bundle/AMap3D.bundle/icons_74_21_1680057953.data
2024-04-23 1:49:55 AM +0000  copying file ./AMap.bundle/AMap3D.bundle/tmc_allinone.data ... 
2024-04-23 1:49:55 AM +0000  21919 bytes for ./AMap.bundle/AMap3D.bundle/tmc_allinone.data
2024-04-23 1:49:55 AM +0000  copying file ./AMap.bundle/AMap3D.bundle/style_4_s_21_1678776087.data ... 
2024-04-23 1:49:55 AM +0000  31443 bytes for ./AMap.bundle/AMap3D.bundle/style_4_s_21_1678776087.data
2024-04-23 1:49:55 AM +0000  copying file ./AMap.bundle/AMap3D.bundle/styleiconslist.data ... 
2024-04-23 1:49:55 AM +0000  1663 bytes for ./AMap.bundle/AMap3D.bundle/styleiconslist.data
2024-04-23 1:49:55 AM +0000  copying file ./AMap.bundle/AMap3D.bundle/3d_sky_night.data ... 
2024-04-23 1:49:55 AM +0000  58925 bytes for ./AMap.bundle/AMap3D.bundle/3d_sky_night.data
2024-04-23 1:49:55 AM +0000  copying file ./AMap.bundle/AMap3D.bundle/style_2_sl_21_1680589176.data ... 
2024-04-23 1:49:55 AM +0000  67093 bytes for ./AMap.bundle/AMap3D.bundle/style_2_sl_21_1680589176.data
2024-04-23 1:49:55 AM +0000  copying file ./AMap.bundle/AMap3D.bundle/lineround.data ... 
2024-04-23 1:49:55 AM +0000  21911 bytes for ./AMap.bundle/AMap3D.bundle/lineround.data
2024-04-23 1:49:55 AM +0000  copying file ./AMap.bundle/AMap3D.bundle/icons_2_21_1680057953.data ... 
2024-04-23 1:49:55 AM +0000  63381 bytes for ./AMap.bundle/AMap3D.bundle/icons_2_21_1680057953.data
2024-04-23 1:49:55 AM +0000  copying file ./AMap.bundle/AMap3D.bundle/icons_65_21_1680057953.data ... 
2024-04-23 1:49:55 AM +0000  63625 bytes for ./AMap.bundle/AMap3D.bundle/icons_65_21_1680057953.data
2024-04-23 1:49:55 AM +0000  copying file ./AMap.bundle/AMap3D.bundle/style_38_s_21_1678777083.data ... 
2024-04-23 1:49:55 AM +0000  30386 bytes for ./AMap.bundle/AMap3D.bundle/style_38_s_21_1678777083.data
2024-04-23 1:49:55 AM +0000  copying file ./AMap.bundle/AMap3D.bundle/tmc3d_blind_allinone.data ... 
2024-04-23 1:49:55 AM +0000  21943 bytes for ./AMap.bundle/AMap3D.bundle/tmc3d_blind_allinone.data
2024-04-23 1:49:55 AM +0000  copying file ./AMap.bundle/AMap3D.bundle/style_1_d_21_1680092748.data ... 
2024-04-23 1:49:55 AM +0000  23887 bytes for ./AMap.bundle/AMap3D.bundle/style_1_d_21_1680092748.data
2024-04-23 1:49:55 AM +0000  copying file ./AMap.bundle/AMap3D.bundle/icons_25_21_1680057953.data ... 
2024-04-23 1:49:55 AM +0000  9453 bytes for ./AMap.bundle/AMap3D.bundle/icons_25_21_1680057953.data
2024-04-23 1:49:55 AM +0000  copying file ./AMap.bundle/AMap3D.bundle/style_100_s_21_1670999202.data ... 
2024-04-23 1:49:55 AM +0000  35341 bytes for ./AMap.bundle/AMap3D.bundle/style_100_s_21_1670999202.data
2024-04-23 1:49:55 AM +0000  copying file ./AMap.bundle/AMap3D.bundle/style_1_s_21_1680092748.data ... 
2024-04-23 1:49:55 AM +0000  71274 bytes for ./AMap.bundle/AMap3D.bundle/style_1_s_21_1680092748.data
2024-04-23 1:49:55 AM +0000  copying file ./AMap.bundle/AMap3D.bundle/style_1_sh_l_21_1680057953.data ... 
2024-04-23 1:49:55 AM +0000  540 bytes for ./AMap.bundle/AMap3D.bundle/style_1_sh_l_21_1680057953.data
2024-04-23 1:49:55 AM +0000  copying file ./AMap.bundle/AMap3D.bundle/anscii.fnt ... 
2024-04-23 1:49:55 AM +0000  14961 bytes for ./AMap.bundle/AMap3D.bundle/anscii.fnt
2024-04-23 1:49:55 AM +0000  copying file ./AMap.bundle/AMap3D.bundle/tmc_n_l_allinone.data ... 
2024-04-23 1:49:55 AM +0000  21919 bytes for ./AMap.bundle/AMap3D.bundle/tmc_n_l_allinone.data
2024-04-23 1:49:55 AM +0000  copying file ./AMap.bundle/AMap3D.bundle/style_8_s_21_1678776272.data ... 
2024-04-23 1:49:55 AM +0000  30323 bytes for ./AMap.bundle/AMap3D.bundle/style_8_s_21_1678776272.data
2024-04-23 1:49:55 AM +0000  copying file ./AMap.bundle/AMap3D.bundle/icons_1_21_1680057953.data ... 
2024-04-23 1:49:55 AM +0000  83971 bytes for ./AMap.bundle/AMap3D.bundle/icons_1_21_1680057953.data
2024-04-23 1:49:55 AM +0000  copying file ./AMap.bundle/AMap3D.bundle/style_36_sh_21_1680057953.data ... 
2024-04-23 1:49:55 AM +0000  384 bytes for ./AMap.bundle/AMap3D.bundle/style_36_sh_21_1680057953.data
2024-04-23 1:49:55 AM +0000  copying file ./AMap.bundle/AMap3D.bundle/tmc_l_allinone.data ... 
2024-04-23 1:49:55 AM +0000  21919 bytes for ./AMap.bundle/AMap3D.bundle/tmc_l_allinone.data
2024-04-23 1:49:55 AM +0000  copying file ./AMap.bundle/AMap3D.bundle/style_39_s_21_1678777105.data ... 
2024-04-23 1:49:55 AM +0000  25201 bytes for ./AMap.bundle/AMap3D.bundle/style_39_s_21_1678777105.data
2024-04-23 1:49:55 AM +0000  copying file ./AMap.bundle/AMap3D.bundle/style_36_s_21_1678777060.data ... 
2024-04-23 1:49:55 AM +0000  22218 bytes for ./AMap.bundle/AMap3D.bundle/style_36_s_21_1678777060.data
2024-04-23 1:49:55 AM +0000  copying file ./AMap.bundle/AMap3D.bundle/icons_60_21_1680057953.data ... 
2024-04-23 1:49:55 AM +0000  84048 bytes for ./AMap.bundle/AMap3D.bundle/icons_60_21_1680057953.data
2024-04-23 1:49:55 AM +0000  copying file ./AMap.bundle/AMap3D.bundle/dash_tq.data ... 
2024-04-23 1:49:55 AM +0000  249 bytes for ./AMap.bundle/AMap3D.bundle/dash_tq.data
2024-04-23 1:49:55 AM +0000  copying file ./AMap.bundle/AMap3D.bundle/icons_40_21_1680057953.data ... 
2024-04-23 1:49:55 AM +0000  77490 bytes for ./AMap.bundle/AMap3D.bundle/icons_40_21_1680057953.data
2024-04-23 1:49:55 AM +0000  copying file ./AMap.bundle/AMap3D.bundle/mapprofile_1_21_1680057984.data ... 
2024-04-23 1:49:55 AM +0000  3143 bytes for ./AMap.bundle/AMap3D.bundle/mapprofile_1_21_1680057984.data
2024-04-23 1:49:55 AM +0000  copying file ./AMap.bundle/AMap3D.bundle/icons_50_21_1680057953.data ... 
2024-04-23 1:49:55 AM +0000  56611 bytes for ./AMap.bundle/AMap3D.bundle/icons_50_21_1680057953.data
2024-04-23 1:49:55 AM +0000  copying file ./AMap.bundle/AMap3D.bundle/style_50_s_21_1675145929.data ... 
2024-04-23 1:49:55 AM +0000  7926 bytes for ./AMap.bundle/AMap3D.bundle/style_50_s_21_1675145929.data
2024-04-23 1:49:55 AM +0000  copying file ./AMap.bundle/AMap3D.bundle/icons_9_21_1684757273.data ... 
2024-04-23 1:49:55 AM +0000  124290 bytes for ./AMap.bundle/AMap3D.bundle/icons_9_21_1684757273.data
2024-04-23 1:49:55 AM +0000  copying file ./AMap.bundle/AMap3D.bundle/style_2_sh_l_21_1680057953.data ... 
2024-04-23 1:49:55 AM +0000  667 bytes for ./AMap.bundle/AMap3D.bundle/style_2_sh_l_21_1680057953.data
2024-04-23 1:49:55 AM +0000  copying file ./AMap.bundle/AMap3D.bundle/config_2_21_1680057984.data ... 
2024-04-23 1:49:55 AM +0000  365 bytes for ./AMap.bundle/AMap3D.bundle/config_2_21_1680057984.data
2024-04-23 1:49:55 AM +0000  copying file ./AMap.bundle/AMap3D.bundle/style_3_s_21_1678710524.data ... 
2024-04-23 1:49:55 AM +0000  29968 bytes for ./AMap.bundle/AMap3D.bundle/style_3_s_21_1678710524.data
2024-04-23 1:49:55 AM +0000  copying file ./AMap.bundle/AMap3D.bundle/style_16_s_21_1678776309.data ... 
2024-04-23 1:49:55 AM +0000  2414 bytes for ./AMap.bundle/AMap3D.bundle/style_16_s_21_1678776309.data
2024-04-23 1:49:55 AM +0000  copying file ./AMap.bundle/AMap3D.bundle/config_1_21_1680057984.data ... 
2024-04-23 1:49:55 AM +0000  2336 bytes for ./AMap.bundle/AMap3D.bundle/config_1_21_1680057984.data
2024-04-23 1:49:55 AM +0000  copying file ./AMap.bundle/AMap3D.bundle/tmc3d_l_allinone.data ... 
2024-04-23 1:49:55 AM +0000  21943 bytes for ./AMap.bundle/AMap3D.bundle/tmc3d_l_allinone.data
2024-04-23 1:49:55 AM +0000  copying file ./AMap.bundle/AMap3D.bundle/style_2_sh_21_1680057953.data ... 
2024-04-23 1:49:55 AM +0000  675 bytes for ./AMap.bundle/AMap3D.bundle/style_2_sh_21_1680057953.data
2024-04-23 1:49:55 AM +0000  copying file ./AMap.bundle/AMap3D.bundle/mapprofile_2_21_1680057984.data ... 
2024-04-23 1:49:55 AM +0000  2874 bytes for ./AMap.bundle/AMap3D.bundle/mapprofile_2_21_1680057984.data
2024-04-23 1:49:55 AM +0000  copying file ./AMap.bundle/AMap3D.bundle/laneprofile_mid_1_21_1680057984.data ... 
2024-04-23 1:49:55 AM +0000  2788 bytes for ./AMap.bundle/AMap3D.bundle/laneprofile_mid_1_21_1680057984.data
2024-04-23 1:49:55 AM +0000  copying file ./AMap.bundle/AMap3D.bundle/icons_10_21_1680057953.data ... 
2024-04-23 1:49:55 AM +0000  66606 bytes for ./AMap.bundle/AMap3D.bundle/icons_10_21_1680057953.data
2024-04-23 1:49:55 AM +0000  copying file ./AMap.bundle/AMap3D.bundle/style_36_sl_21_1678777060.data ... 
2024-04-23 1:49:55 AM +0000  22226 bytes for ./AMap.bundle/AMap3D.bundle/style_36_sl_21_1678777060.data
2024-04-23 1:49:55 AM +0000  copying file ./AMap.bundle/AMap3D.bundle/icons_4_21_1680057953.data ... 
2024-04-23 1:49:55 AM +0000  60633 bytes for ./AMap.bundle/AMap3D.bundle/icons_4_21_1680057953.data
2024-04-23 1:49:55 AM +0000  copying file ./Assets.car ... 
2024-04-23 1:49:55 AM +0000  3594984 bytes for ./Assets.car
copying file ./AppIcon76x76@2x~ipad.png ... 
2024-04-23 1:49:55 AM +0000  8521 bytes for ./AppIcon76x76@2x~ipad.png
copying file ./embedded.mobileprovision ... 
2024-04-23 1:49:55 AM +0000  16676 bytes for ./embedded.mobileprovision
copying file ./Info.plist ... 
2024-04-23 1:49:55 AM +0000  1789 bytes for ./Info.plist
copying file ./PkgInfo ... 
2024-04-23 1:49:55 AM +0000  8 bytes for ./PkgInfo
2024-04-23 1:49:55 AM +0000  /usr/bin/ditto exited with 0
2024-04-23 1:49:55 AM +0000  Processing step: IDEDistributionEmbedProfileStep
2024-04-23 1:49:55 AM +0000  Processing step: IDEDistributionInfoPlistStep
2024-04-23 1:49:55 AM +0000  Skipping step: IDEDistributionInfoPlistStep because it said so
2024-04-23 1:49:55 AM +0000  Processing step: IDEDistributionAppThinningPlistStep
2024-04-23 1:49:55 AM +0000  Skipping step: IDEDistributionAppThinningPlistStep because it said so
2024-04-23 1:49:55 AM +0000  Processing step: IDEDistributionCompileBitcodeStep
2024-04-23 1:49:55 AM +0000  Skipping step: IDEDistributionCompileBitcodeStep because it said so
2024-04-23 1:49:55 AM +0000  Processing step: IDEDistributionCodeSlimmingStep
2024-04-23 1:49:55 AM +0000  Processing step: IDEDistributionCopyBCSymbolMapsStep
2024-04-23 1:49:55 AM +0000  Skipping step: IDEDistributionCopyBCSymbolMapsStep because it said so
2024-04-23 1:49:55 AM +0000  Processing step: IDEDistributionSymbolsStep
2024-04-23 1:49:55 AM +0000  Skipping step: IDEDistributionSymbolsStep because it said so
2024-04-23 1:49:55 AM +0000  Processing step: IDEDistributionAppThinningStep
2024-04-23 1:49:55 AM +0000  Skipping step: IDEDistributionAppThinningStep because it said so
2024-04-23 1:49:55 AM +0000  Processing step: IDEDistributionArchThinningStep
2024-04-23 1:49:55 AM +0000  Item /Users/serika/Library/Developer/Xcode/Archives/2024-04-23/rps-ios 2024-4-23, 9.26 AM.xcarchive/Products/Applications/rps-ios.app doesn't have the entitlement com.apple.developer.web-browser-engine.host enabled, returning ["arm64e"]
2024-04-23 1:49:55 AM +0000  Archs to thin for item /Users/serika/Library/Developer/Xcode/Archives/2024-04-23/rps-ios 2024-4-23, 9.26 AM.xcarchive/Products/Applications/rps-ios.app are ["arm64e"]
2024-04-23 1:49:55 AM +0000  Running /Applications/Xcode.app/Contents/Developer/Toolchains/XcodeDefault.xctoolchain/usr/bin/lipo '/var/folders/j7/2_qmngh50758hxcgppsh16t00000gn/T/XcodeDistPipeline.~~~mQjs5T/Root/Payload/rps-ios.app/rps-ios' '-verify_arch' 'arm64e'
2024-04-23 1:49:55 AM +0000  /Applications/Xcode.app/Contents/Developer/Toolchains/XcodeDefault.xctoolchain/usr/bin/lipo exited with 1
2024-04-23 1:49:55 AM +0000  Skipping architecture thinning for item "rps-ios" because arch "arm64e" wasn't found
2024-04-23 1:49:55 AM +0000  Processing step: IDEDistributionODRStep
2024-04-23 1:49:55 AM +0000  Processing step: IDEDistributionStripXattrsStep
2024-04-23 1:49:55 AM +0000  Skipping stripping extended attributes because the codesign step will strip them.
2024-04-23 1:49:55 AM +0000  Processing step: IDEDistributionCodesignStep
2024-04-23 1:49:55 AM +0000  Entitlements for <IDEDistributionItem: 0x60004be2d8c0; bundleID='com.rps.app.ios', path='<DVTFilePath:0x60000b6a0f00:'/Users/serika/Library/Developer/Xcode/Archives/2024-04-23/rps-ios 2024-4-23, 9.26 AM.xcarchive/Products/Applications/rps-ios.app'>', codeSigningInfo='<_DVTCodeSigningInformation_Path: 0x600067be5810; isSigned='1', isAdHocSigned='0', signingCertificate='<DVTSigningCertificate: 0x60002ae7d5c0; name='Apple Development: Hongyi jiang (AF42238M8G)', hash='BEC62E64F13E219C97249D75D83411317E3FB692', serialNumber='26DFDD039904C80363198A51F23D8701', certificateKinds='(
    "1.2.840.113635.100.6.1.12",
    "1.2.840.113635.100.6.1.2"
), issueDate='2023-12-05 9:12:36 AM +0000''>', entitlements='{
    "application-identifier" = "J3V535ZD4K.com.rps.app.ios";
    "com.apple.developer.team-identifier" = J3V535ZD4K;
    "get-task-allow" = 1;
}', teamID='J3V535ZD4K', identifier='com.rps.app.ios', executablePath='<DVTFilePath:0x6000273e0770:'/Users/serika/Library/Developer/Xcode/Archives/2024-04-23/rps-ios 2024-4-23, 9.26 AM.xcarchive/Products/Applications/rps-ios.app/rps-ios'>', hardenedRuntime='0'>'>: {
    "application-identifier" = "J3V535ZD4K.com.rps.app.ios";
    "com.apple.developer.team-identifier" = J3V535ZD4K;
    "get-task-allow" = 0;
}
2024-04-23 1:49:55 AM +0000  Associated App Clip Identifiers Filter: Skipping because "com.apple.developer.associated-appclip-app-identifiers" is not present
2024-04-23 1:49:55 AM +0000  Entitlements for <IDEDistributionItem: 0x60004be2d8c0; bundleID='com.rps.app.ios', path='<DVTFilePath:0x60000b6a0f00:'/Users/serika/Library/Developer/Xcode/Archives/2024-04-23/rps-ios 2024-4-23, 9.26 AM.xcarchive/Products/Applications/rps-ios.app'>', codeSigningInfo='<_DVTCodeSigningInformation_Path: 0x600067be5810; isSigned='1', isAdHocSigned='0', signingCertificate='<DVTSigningCertificate: 0x60002ae7c9c0; name='Apple Development: Hongyi jiang (AF42238M8G)', hash='BEC62E64F13E219C97249D75D83411317E3FB692', serialNumber='26DFDD039904C80363198A51F23D8701', certificateKinds='(
    "1.2.840.113635.100.6.1.12",
    "1.2.840.113635.100.6.1.2"
), issueDate='2023-12-05 9:12:36 AM +0000''>', entitlements='{
    "application-identifier" = "J3V535ZD4K.com.rps.app.ios";
    "com.apple.developer.team-identifier" = J3V535ZD4K;
    "get-task-allow" = 1;
}', teamID='J3V535ZD4K', identifier='com.rps.app.ios', executablePath='<DVTFilePath:0x6000273e0770:'/Users/serika/Library/Developer/Xcode/Archives/2024-04-23/rps-ios 2024-4-23, 9.26 AM.xcarchive/Products/Applications/rps-ios.app/rps-ios'>', hardenedRuntime='0'>'> are: {
    "application-identifier" = "J3V535ZD4K.com.rps.app.ios";
    "com.apple.developer.team-identifier" = J3V535ZD4K;
    "get-task-allow" = 0;
}
2024-04-23 1:49:55 AM +0000  Writing entitlements for <IDEDistributionItem: 0x60004be2d8c0; bundleID='com.rps.app.ios', path='<DVTFilePath:0x60000b6a0f00:'/Users/serika/Library/Developer/Xcode/Archives/2024-04-23/rps-ios 2024-4-23, 9.26 AM.xcarchive/Products/Applications/rps-ios.app'>', codeSigningInfo='<_DVTCodeSigningInformation_Path: 0x600067be5810; isSigned='1', isAdHocSigned='0', signingCertificate='<DVTSigningCertificate: 0x60002ae78a80; name='Apple Development: Hongyi jiang (AF42238M8G)', hash='BEC62E64F13E219C97249D75D83411317E3FB692', serialNumber='26DFDD039904C80363198A51F23D8701', certificateKinds='(
    "1.2.840.113635.100.6.1.12",
    "1.2.840.113635.100.6.1.2"
), issueDate='2023-12-05 9:12:36 AM +0000''>', entitlements='{
    "application-identifier" = "J3V535ZD4K.com.rps.app.ios";
    "com.apple.developer.team-identifier" = J3V535ZD4K;
    "get-task-allow" = 1;
}', teamID='J3V535ZD4K', identifier='com.rps.app.ios', executablePath='<DVTFilePath:0x6000273e0770:'/Users/serika/Library/Developer/Xcode/Archives/2024-04-23/rps-ios 2024-4-23, 9.26 AM.xcarchive/Products/Applications/rps-ios.app/rps-ios'>', hardenedRuntime='0'>'> to: /var/folders/j7/2_qmngh50758hxcgppsh16t00000gn/T/XcodeDistPipeline.~~~mQjs5T/entitlements~~~4yx4eA
2024-04-23 1:49:55 AM +0000  Running /usr/bin/codesign '-vvv' '--force' '--sign' '1E0BBD76CAAC3B419623DDF7424273159CEB92E1' '--entitlements' '/var/folders/j7/2_qmngh50758hxcgppsh16t00000gn/T/XcodeDistPipeline.~~~mQjs5T/entitlements~~~4yx4eA' '--generate-entitlement-der' '--strip-disallowed-xattrs' '--preserve-metadata=identifier,flags,runtime' '/var/folders/j7/2_qmngh50758hxcgppsh16t00000gn/T/XcodeDistPipeline.~~~mQjs5T/Root/Payload/rps-ios.app'
2024-04-23 1:49:55 AM +0000  /var/folders/j7/2_qmngh50758hxcgppsh16t00000gn/T/XcodeDistPipeline.~~~mQjs5T/Root/Payload/rps-ios.app: replacing existing signature
2024-04-23 1:49:55 AM +0000  /var/folders/j7/2_qmngh50758hxcgppsh16t00000gn/T/XcodeDistPipeline.~~~mQjs5T/Root/Payload/rps-ios.app: signed app bundle with Mach-O thin (arm64) [com.rps.app.ios]
2024-04-23 1:49:55 AM +0000  /usr/bin/codesign exited with 0
2024-04-23 1:49:55 AM +0000  Processing step: IDEDistributionZipODRItemStep
2024-04-23 1:49:55 AM +0000  Skipping step: IDEDistributionZipODRItemStep because it said so
2024-04-23 1:49:55 AM +0000  Processing step: IDEDistributionCreateIPAStep
2024-04-23 1:49:55 AM +0000  Running /usr/bin/ditto '-V' '-c' '-k' '--norsrc' '/var/folders/j7/2_qmngh50758hxcgppsh16t00000gn/T/XcodeDistPipeline.~~~mQjs5T/Root' '/var/folders/j7/2_qmngh50758hxcgppsh16t00000gn/T/XcodeDistPipeline.~~~mQjs5T/Packages/rps-ios.ipa'
2024-04-23 1:49:55 AM +0000  >>> Copying /var/folders/j7/2_qmngh50758hxcgppsh16t00000gn/T/XcodeDistPipeline.~~~mQjs5T/Root 
2024-04-23 1:49:55 AM +0000  copying file ./Payload/rps-ios.app/_CodeSignature/CodeResources ... 
2024-04-23 1:49:55 AM +0000  51221 bytes for ./Payload/rps-ios.app/_CodeSignature/CodeResources
2024-04-23 1:49:55 AM +0000  copying file ./Payload/rps-ios.app/rps-ios ... 
2024-04-23 1:49:56 AM +0000  27883952 bytes for ./Payload/rps-ios.app/rps-ios
copying file ./Payload/rps-ios.app/AppIcon60x60@2x.png ... 
2024-04-23 1:49:56 AM +0000  5957 bytes for ./Payload/rps-ios.app/AppIcon60x60@2x.png
copying file ./Payload/rps-ios.app/AMap.bundle/GNaviConfig.xml ... 
173 bytes for ./Payload/rps-ios.app/AMap.bundle/GNaviConfig.xml
copying file ./Payload/rps-ios.app/AMap.bundle/res.zip ... 
2024-04-23 1:49:56 AM +0000  344317 bytes for ./Payload/rps-ios.app/AMap.bundle/res.zip
2024-04-23 1:49:56 AM +0000  copying file ./Payload/rps-ios.app/AMap.bundle/customStyle/style-for-custom_0_18_1620911152.data ... 
2024-04-23 1:49:56 AM +0000  20743 bytes for ./Payload/rps-ios.app/AMap.bundle/customStyle/style-for-custom_0_18_1620911152.data
2024-04-23 1:49:56 AM +0000  copying file ./Payload/rps-ios.app/AMap.bundle/skybox-1/bottom.png ... 
152 bytes for ./Payload/rps-ios.app/AMap.bundle/skybox-1/bottom.png
copying file ./Payload/rps-ios.app/AMap.bundle/skybox-1/left.png ... 
2024-04-23 1:49:56 AM +0000  30944 bytes for ./Payload/rps-ios.app/AMap.bundle/skybox-1/left.png
copying file ./Payload/rps-ios.app/AMap.bundle/skybox-1/top.png ... 
2024-04-23 1:49:56 AM +0000  10073 bytes for ./Payload/rps-ios.app/AMap.bundle/skybox-1/top.png
copying file ./Payload/rps-ios.app/AMap.bundle/skybox-1/back.png ... 
2024-04-23 1:49:56 AM +0000  15030 bytes for ./Payload/rps-ios.app/AMap.bundle/skybox-1/back.png
copying file ./Payload/rps-ios.app/AMap.bundle/skybox-1/right.png ... 
2024-04-23 1:49:56 AM +0000  32381 bytes for ./Payload/rps-ios.app/AMap.bundle/skybox-1/right.png
copying file ./Payload/rps-ios.app/AMap.bundle/skybox-1/front.png ... 
2024-04-23 1:49:56 AM +0000  12293 bytes for ./Payload/rps-ios.app/AMap.bundle/skybox-1/front.png
2024-04-23 1:49:56 AM +0000  copying file ./Payload/rps-ios.app/AMap.bundle/images/purplePin@3x.png ... 
2024-04-23 1:49:56 AM +0000  2617 bytes for ./Payload/rps-ios.app/AMap.bundle/images/purplePin@3x.png
2024-04-23 1:49:56 AM +0000  copying file ./Payload/rps-ios.app/AMap.bundle/images/arrow_line_outer.png ... 
2024-04-23 1:49:56 AM +0000  399 bytes for ./Payload/rps-ios.app/AMap.bundle/images/arrow_line_outer.png
copying file ./Payload/rps-ios.app/AMap.bundle/images/greenPin@3x.png ... 
2024-04-23 1:49:56 AM +0000  2707 bytes for ./Payload/rps-ios.app/AMap.bundle/images/greenPin@3x.png
2024-04-23 1:49:56 AM +0000  copying file ./Payload/rps-ios.app/AMap.bundle/images/offline_shouqi_2@2x.png ... 
2024-04-23 1:49:56 AM +0000  221 bytes for ./Payload/rps-ios.app/AMap.bundle/images/offline_shouqi_2@2x.png
copying file ./Payload/rps-ios.app/AMap.bundle/images/particle_fog.png ... 
2024-04-23 1:49:56 AM +0000  79020 bytes for ./Payload/rps-ios.app/AMap.bundle/images/particle_fog.png
copying file ./Payload/rps-ios.app/AMap.bundle/images/lineTexture.png ... 
2024-04-23 1:49:56 AM +0000  103 bytes for ./Payload/rps-ios.app/AMap.bundle/images/lineTexture.png
copying file ./Payload/rps-ios.app/AMap.bundle/images/greenPin_lift@3x.png ... 
2024-04-23 1:49:56 AM +0000  906 bytes for ./Payload/rps-ios.app/AMap.bundle/images/greenPin_lift@3x.png
2024-04-23 1:49:56 AM +0000  copying file ./Payload/rps-ios.app/AMap.bundle/images/greenPin_lift@2x.png ... 
2024-04-23 1:49:56 AM +0000  631 bytes for ./Payload/rps-ios.app/AMap.bundle/images/greenPin_lift@2x.png
copying file ./Payload/rps-ios.app/AMap.bundle/images/offline_shouqi@2x.png ... 
2024-04-23 1:49:56 AM +0000  197 bytes for ./Payload/rps-ios.app/AMap.bundle/images/offline_shouqi@2x.png
2024-04-23 1:49:56 AM +0000  copying file ./Payload/rps-ios.app/AMap.bundle/images/offline_zhankai@2x.png ... 
2024-04-23 1:49:56 AM +0000  200 bytes for ./Payload/rps-ios.app/AMap.bundle/images/offline_zhankai@2x.png
copying file ./Payload/rps-ios.app/AMap.bundle/images/particle_rain.png ... 
2024-04-23 1:49:56 AM +0000  477 bytes for ./Payload/rps-ios.app/AMap.bundle/images/particle_rain.png
2024-04-23 1:49:56 AM +0000  copying file ./Payload/rps-ios.app/AMap.bundle/images/calloutArrowMask.png ... 
2024-04-23 1:49:56 AM +0000  271 bytes for ./Payload/rps-ios.app/AMap.bundle/images/calloutArrowMask.png
copying file ./Payload/rps-ios.app/AMap.bundle/images/traffic_texture_red.png ... 
2024-04-23 1:49:56 AM +0000  315 bytes for ./Payload/rps-ios.app/AMap.bundle/images/traffic_texture_red.png
2024-04-23 1:49:56 AM +0000  copying file ./Payload/rps-ios.app/AMap.bundle/images/calloutArrowMask@2x.png ... 
2024-04-23 1:49:56 AM +0000  410 bytes for ./Payload/rps-ios.app/AMap.bundle/images/calloutArrowMask@2x.png
2024-04-23 1:49:56 AM +0000  copying file ./Payload/rps-ios.app/AMap.bundle/images/greenPin@2x.png ... 
2024-04-23 1:49:56 AM +0000  1893 bytes for ./Payload/rps-ios.app/AMap.bundle/images/greenPin@2x.png
2024-04-23 1:49:56 AM +0000  copying file ./Payload/rps-ios.app/AMap.bundle/images/particle_sun_1.png ... 
2024-04-23 1:49:56 AM +0000  1078 bytes for ./Payload/rps-ios.app/AMap.bundle/images/particle_sun_1.png
copying file ./Payload/rps-ios.app/AMap.bundle/images/particle_sun_0.png ... 
2024-04-23 1:49:56 AM +0000  1116 bytes for ./Payload/rps-ios.app/AMap.bundle/images/particle_sun_0.png
2024-04-23 1:49:56 AM +0000  copying file ./Payload/rps-ios.app/AMap.bundle/images/purplePin@2x.png ... 
2024-04-23 1:49:56 AM +0000  1873 bytes for ./Payload/rps-ios.app/AMap.bundle/images/purplePin@2x.png
2024-04-23 1:49:56 AM +0000  copying file ./Payload/rps-ios.app/AMap.bundle/images/offline_sousuo@2x.png ... 
2024-04-23 1:49:56 AM +0000  518 bytes for ./Payload/rps-ios.app/AMap.bundle/images/offline_sousuo@2x.png
2024-04-23 1:49:56 AM +0000  copying file ./Payload/rps-ios.app/AMap.bundle/images/select_.png ... 
2024-04-23 1:49:56 AM +0000  479 bytes for ./Payload/rps-ios.app/AMap.bundle/images/select_.png
copying file ./Payload/rps-ios.app/AMap.bundle/images/pin_shadow.png ... 
2024-04-23 1:49:56 AM +0000  609 bytes for ./Payload/rps-ios.app/AMap.bundle/images/pin_shadow.png
2024-04-23 1:49:56 AM +0000  copying file ./Payload/rps-ios.app/AMap.bundle/images/offline_clear@2x.png ... 
2024-04-23 1:49:56 AM +0000  715 bytes for ./Payload/rps-ios.app/AMap.bundle/images/offline_clear@2x.png
2024-04-23 1:49:56 AM +0000  copying file ./Payload/rps-ios.app/AMap.bundle/images/arrow_line_inner.png ... 
2024-04-23 1:49:56 AM +0000  335 bytes for ./Payload/rps-ios.app/AMap.bundle/images/arrow_line_inner.png
2024-04-23 1:49:56 AM +0000  copying file ./Payload/rps-ios.app/AMap.bundle/images/greenPin.png ... 
2024-04-23 1:49:56 AM +0000  988 bytes for ./Payload/rps-ios.app/AMap.bundle/images/greenPin.png
copying file ./Payload/rps-ios.app/AMap.bundle/images/offline_down@2x.png ... 
2024-04-23 1:49:56 AM +0000  511 bytes for ./Payload/rps-ios.app/AMap.bundle/images/offline_down@2x.png
2024-04-23 1:49:56 AM +0000  copying file ./Payload/rps-ios.app/AMap.bundle/images/arrow_line_3d_shadow.png ... 
2024-04-23 1:49:56 AM +0000  824 bytes for ./Payload/rps-ios.app/AMap.bundle/images/arrow_line_3d_shadow.png
2024-04-23 1:49:56 AM +0000  copying file ./Payload/rps-ios.app/AMap.bundle/images/purplePin_lift.png ... 
2024-04-23 1:49:56 AM +0000  326 bytes for ./Payload/rps-ios.app/AMap.bundle/images/purplePin_lift.png
copying file ./Payload/rps-ios.app/AMap.bundle/images/redPin_lift@3x.png ... 
2024-04-23 1:49:56 AM +0000  880 bytes for ./Payload/rps-ios.app/AMap.bundle/images/redPin_lift@3x.png
2024-04-23 1:49:56 AM +0000  copying file ./Payload/rps-ios.app/AMap.bundle/images/redPin_lift.png ... 
2024-04-23 1:49:56 AM +0000  338 bytes for ./Payload/rps-ios.app/AMap.bundle/images/redPin_lift.png
copying file ./Payload/rps-ios.app/AMap.bundle/images/particle_haze.png ... 
2024-04-23 1:49:56 AM +0000  260 bytes for ./Payload/rps-ios.app/AMap.bundle/images/particle_haze.png
2024-04-23 1:49:56 AM +0000  copying file ./Payload/rps-ios.app/AMap.bundle/images/terrainDefault.png ... 
2024-04-23 1:49:56 AM +0000  4568 bytes for ./Payload/rps-ios.app/AMap.bundle/images/terrainDefault.png
2024-04-23 1:49:56 AM +0000  copying file ./Payload/rps-ios.app/AMap.bundle/images/lineDashTexture.png ... 
2024-04-23 1:49:56 AM +0000  171 bytes for ./Payload/rps-ios.app/AMap.bundle/images/lineDashTexture.png
copying file ./Payload/rps-ios.app/AMap.bundle/images/traffic_texture_blue.png ... 
2024-04-23 1:49:56 AM +0000  308 bytes for ./Payload/rps-ios.app/AMap.bundle/images/traffic_texture_blue.png
2024-04-23 1:49:56 AM +0000  copying file ./Payload/rps-ios.app/AMap.bundle/images/traffic_texture_green.png ... 
2024-04-23 1:49:56 AM +0000  263 bytes for ./Payload/rps-ios.app/AMap.bundle/images/traffic_texture_green.png
copying file ./Payload/rps-ios.app/AMap.bundle/images/traffic_texture_yellow.png ... 
2024-04-23 1:49:56 AM +0000  291 bytes for ./Payload/rps-ios.app/AMap.bundle/images/traffic_texture_yellow.png
2024-04-23 1:49:56 AM +0000  copying file ./Payload/rps-ios.app/AMap.bundle/images/marker_blue@2x.png ... 
2024-04-23 1:49:56 AM +0000  1361 bytes for ./Payload/rps-ios.app/AMap.bundle/images/marker_blue@2x.png
2024-04-23 1:49:56 AM +0000  copying file ./Payload/rps-ios.app/AMap.bundle/images/arrow_line_3d_outer.png ... 
2024-04-23 1:49:56 AM +0000  329 bytes for ./Payload/rps-ios.app/AMap.bundle/images/arrow_line_3d_outer.png
2024-04-23 1:49:56 AM +0000  copying file ./Payload/rps-ios.app/AMap.bundle/images/purplePin.png ... 
2024-04-23 1:49:56 AM +0000  988 bytes for ./Payload/rps-ios.app/AMap.bundle/images/purplePin.png
2024-04-23 1:49:56 AM +0000  copying file ./Payload/rps-ios.app/AMap.bundle/images/redPin_lift@2x.png ... 
2024-04-23 1:49:56 AM +0000  639 bytes for ./Payload/rps-ios.app/AMap.bundle/images/redPin_lift@2x.png
2024-04-23 1:49:56 AM +0000  copying file ./Payload/rps-ios.app/AMap.bundle/images/particle_snow.png ... 
2024-04-23 1:49:56 AM +0000  683 bytes for ./Payload/rps-ios.app/AMap.bundle/images/particle_snow.png
2024-04-23 1:49:56 AM +0000  copying file ./Payload/rps-ios.app/AMap.bundle/images/traffic_texture_darkred.png ... 
2024-04-23 1:49:56 AM +0000  281 bytes for ./Payload/rps-ios.app/AMap.bundle/images/traffic_texture_darkred.png
copying file ./Payload/rps-ios.app/AMap.bundle/images/select_@3x.png ... 
2024-04-23 1:49:56 AM +0000  1103 bytes for ./Payload/rps-ios.app/AMap.bundle/images/select_@3x.png
2024-04-23 1:49:56 AM +0000  copying file ./Payload/rps-ios.app/AMap.bundle/images/lineDashTextureDot.png ... 
2024-04-23 1:49:56 AM +0000  432 bytes for ./Payload/rps-ios.app/AMap.bundle/images/lineDashTextureDot.png
2024-04-23 1:49:56 AM +0000  copying file ./Payload/rps-ios.app/AMap.bundle/images/infowindow.jpg ... 
2024-04-23 1:49:56 AM +0000  2280 bytes for ./Payload/rps-ios.app/AMap.bundle/images/infowindow.jpg
2024-04-23 1:49:56 AM +0000  copying file ./Payload/rps-ios.app/AMap.bundle/images/pin_shadow@2x.png ... 
2024-04-23 1:49:56 AM +0000  1155 bytes for ./Payload/rps-ios.app/AMap.bundle/images/pin_shadow@2x.png
2024-04-23 1:49:56 AM +0000  copying file ./Payload/rps-ios.app/AMap.bundle/images/redPin@3x.png ... 
2024-04-23 1:49:56 AM +0000  2718 bytes for ./Payload/rps-ios.app/AMap.bundle/images/redPin@3x.png
2024-04-23 1:49:56 AM +0000  copying file ./Payload/rps-ios.app/AMap.bundle/images/purplePin_lift@2x.png ... 
2024-04-23 1:49:56 AM +0000  625 bytes for ./Payload/rps-ios.app/AMap.bundle/images/purplePin_lift@2x.png
2024-04-23 1:49:56 AM +0000  copying file ./Payload/rps-ios.app/AMap.bundle/images/purplePin_lift@3x.png ... 
2024-04-23 1:49:56 AM +0000  869 bytes for ./Payload/rps-ios.app/AMap.bundle/images/purplePin_lift@3x.png
2024-04-23 1:49:56 AM +0000  copying file ./Payload/rps-ios.app/AMap.bundle/images/lineTextureThin.png ... 
2024-04-23 1:49:56 AM +0000  134 bytes for ./Payload/rps-ios.app/AMap.bundle/images/lineTextureThin.png
copying file ./Payload/rps-ios.app/AMap.bundle/images/redPin@2x.png ... 
2024-04-23 1:49:56 AM +0000  1878 bytes for ./Payload/rps-ios.app/AMap.bundle/images/redPin@2x.png
2024-04-23 1:49:56 AM +0000  copying file ./Payload/rps-ios.app/AMap.bundle/images/offline_zhankai_2@2x.png ... 
2024-04-23 1:49:56 AM +0000  217 bytes for ./Payload/rps-ios.app/AMap.bundle/images/offline_zhankai_2@2x.png
copying file ./Payload/rps-ios.app/AMap.bundle/images/pin_shadow@3x.png ... 
2024-04-23 1:49:56 AM +0000  1817 bytes for ./Payload/rps-ios.app/AMap.bundle/images/pin_shadow@3x.png
2024-04-23 1:49:56 AM +0000  copying file ./Payload/rps-ios.app/AMap.bundle/images/traffic_texture_gray.png ... 
2024-04-23 1:49:56 AM +0000  291 bytes for ./Payload/rps-ios.app/AMap.bundle/images/traffic_texture_gray.png
copying file ./Payload/rps-ios.app/AMap.bundle/images/arrow_line_3d_inner.png ... 
2024-04-23 1:49:56 AM +0000  401 bytes for ./Payload/rps-ios.app/AMap.bundle/images/arrow_line_3d_inner.png
2024-04-23 1:49:56 AM +0000  copying file ./Payload/rps-ios.app/AMap.bundle/images/redPin.png ... 
2024-04-23 1:49:56 AM +0000  983 bytes for ./Payload/rps-ios.app/AMap.bundle/images/redPin.png
2024-04-23 1:49:56 AM +0000  copying file ./Payload/rps-ios.app/AMap.bundle/images/select_@2x.png ... 
2024-04-23 1:49:56 AM +0000  479 bytes for ./Payload/rps-ios.app/AMap.bundle/images/select_@2x.png
2024-04-23 1:49:56 AM +0000  copying file ./Payload/rps-ios.app/AMap.bundle/images/marker_blue.png ... 
2024-04-23 1:49:56 AM +0000  667 bytes for ./Payload/rps-ios.app/AMap.bundle/images/marker_blue.png
2024-04-23 1:49:56 AM +0000  copying file ./Payload/rps-ios.app/AMap.bundle/images/greenPin_lift.png ... 
2024-04-23 1:49:56 AM +0000  325 bytes for ./Payload/rps-ios.app/AMap.bundle/images/greenPin_lift.png
2024-04-23 1:49:56 AM +0000  copying file ./Payload/rps-ios.app/AMap.bundle/terrainStyle.data ... 
2024-04-23 1:49:56 AM +0000  6887 bytes for ./Payload/rps-ios.app/AMap.bundle/terrainStyle.data
2024-04-23 1:49:56 AM +0000  copying file ./Payload/rps-ios.app/AMap.bundle/res.ck ... 
2024-04-23 1:49:56 AM +0000  32 bytes for ./Payload/rps-ios.app/AMap.bundle/res.ck
copying file ./Payload/rps-ios.app/AMap.bundle/high-frequency-devices.plist ... 
2024-04-23 1:49:56 AM +0000  364 bytes for ./Payload/rps-ios.app/AMap.bundle/high-frequency-devices.plist
2024-04-23 1:49:56 AM +0000  copying file ./Payload/rps-ios.app/AMap.bundle/icons.bundle/icons_1_18_1620803672.data ... 
2024-04-23 1:49:56 AM +0000  64305 bytes for ./Payload/rps-ios.app/AMap.bundle/icons.bundle/icons_1_18_1620803672.data
copying file ./Payload/rps-ios.app/AMap.bundle/icons.bundle/icons_2_18_1620803665.data ... 
2024-04-23 1:49:56 AM +0000  71164 bytes for ./Payload/rps-ios.app/AMap.bundle/icons.bundle/icons_2_18_1620803665.data
2024-04-23 1:49:56 AM +0000  copying file ./Payload/rps-ios.app/AMap.bundle/icons.bundle/icons_4_18_1624863920.data ... 
2024-04-23 1:49:56 AM +0000  39235 bytes for ./Payload/rps-ios.app/AMap.bundle/icons.bundle/icons_4_18_1624863920.data
copying file ./Payload/rps-ios.app/AMap.bundle/icons.bundle/icons_50_18_1621241047.data ... 
2024-04-23 1:49:56 AM +0000  32049 bytes for ./Payload/rps-ios.app/AMap.bundle/icons.bundle/icons_50_18_1621241047.data
2024-04-23 1:49:56 AM +0000  copying file ./Payload/rps-ios.app/AMap.bundle/offline/offlinePackage.plist ... 
2024-04-23 1:49:56 AM +0000  108395 bytes for ./Payload/rps-ios.app/AMap.bundle/offline/offlinePackage.plist
2024-04-23 1:49:56 AM +0000  copying file ./Payload/rps-ios.app/AMap.bundle/AMap3D.bundle/style_2_d_21_1680589176.data ... 
2024-04-23 1:49:56 AM +0000  22634 bytes for ./Payload/rps-ios.app/AMap.bundle/AMap3D.bundle/style_2_d_21_1680589176.data
2024-04-23 1:49:56 AM +0000  copying file ./Payload/rps-ios.app/AMap.bundle/AMap3D.bundle/style_17_s_21_1655347084.data ... 
2024-04-23 1:49:56 AM +0000  152 bytes for ./Payload/rps-ios.app/AMap.bundle/AMap3D.bundle/style_17_s_21_1655347084.data
copying file ./Payload/rps-ios.app/AMap.bundle/AMap3D.bundle/3d_navi_sky_day.data ... 
2024-04-23 1:49:56 AM +0000  32835 bytes for ./Payload/rps-ios.app/AMap.bundle/AMap3D.bundle/3d_navi_sky_day.data
2024-04-23 1:49:56 AM +0000  copying file ./Payload/rps-ios.app/AMap.bundle/AMap3D.bundle/style_5_s_21_1678776244.data ... 
2024-04-23 1:49:56 AM +0000  26029 bytes for ./Payload/rps-ios.app/AMap.bundle/AMap3D.bundle/style_5_s_21_1678776244.data
copying file ./Payload/rps-ios.app/AMap.bundle/AMap3D.bundle/style_2_s_21_1680589176.data ... 
2024-04-23 1:49:56 AM +0000  67102 bytes for ./Payload/rps-ios.app/AMap.bundle/AMap3D.bundle/style_2_s_21_1680589176.data
2024-04-23 1:49:56 AM +0000  copying file ./Payload/rps-ios.app/AMap.bundle/AMap3D.bundle/dash.data ... 
2024-04-23 1:49:56 AM +0000  241 bytes for ./Payload/rps-ios.app/AMap.bundle/AMap3D.bundle/dash.data
copying file ./Payload/rps-ios.app/AMap.bundle/AMap3D.bundle/style_35_sh_21_1680057953.data ... 
2024-04-23 1:49:56 AM +0000  468 bytes for ./Payload/rps-ios.app/AMap.bundle/AMap3D.bundle/style_35_sh_21_1680057953.data
2024-04-23 1:49:56 AM +0000  copying file ./Payload/rps-ios.app/AMap.bundle/AMap3D.bundle/anscii_0.png ... 
2024-04-23 1:49:56 AM +0000  4473 bytes for ./Payload/rps-ios.app/AMap.bundle/AMap3D.bundle/anscii_0.png
2024-04-23 1:49:56 AM +0000  copying file ./Payload/rps-ios.app/AMap.bundle/AMap3D.bundle/VM3DRes/grass_night.png ... 
2024-04-23 1:49:56 AM +0000  82 bytes for ./Payload/rps-ios.app/AMap.bundle/AMap3D.bundle/VM3DRes/grass_night.png
2024-04-23 1:49:56 AM +0000  copying file ./Payload/rps-ios.app/AMap.bundle/AMap3D.bundle/VM3DRes/cross_sky_night.png ... 
2024-04-23 1:49:56 AM +0000  17123 bytes for ./Payload/rps-ios.app/AMap.bundle/AMap3D.bundle/VM3DRes/cross_sky_night.png
copying file ./Payload/rps-ios.app/AMap.bundle/AMap3D.bundle/VM3DRes/icons_42_18_1615218949.data ... 
2024-04-23 1:49:56 AM +0000  365836 bytes for ./Payload/rps-ios.app/AMap.bundle/AMap3D.bundle/VM3DRes/icons_42_18_1615218949.data
2024-04-23 1:49:56 AM +0000  copying file ./Payload/rps-ios.app/AMap.bundle/AMap3D.bundle/VM3DRes/d_yellow_night.png ... 
2024-04-23 1:49:56 AM +0000  15480 bytes for ./Payload/rps-ios.app/AMap.bundle/AMap3D.bundle/VM3DRes/d_yellow_night.png
2024-04-23 1:49:56 AM +0000  copying file ./Payload/rps-ios.app/AMap.bundle/AMap3D.bundle/VM3DRes/crossing_nigth_bk.data ... 
2024-04-23 1:49:56 AM +0000  752 bytes for ./Payload/rps-ios.app/AMap.bundle/AMap3D.bundle/VM3DRes/crossing_nigth_bk.data
copying file ./Payload/rps-ios.app/AMap.bundle/AMap3D.bundle/VM3DRes/cross_bk_grass_day.png ... 
2024-04-23 1:49:56 AM +0000  83899 bytes for ./Payload/rps-ios.app/AMap.bundle/AMap3D.bundle/VM3DRes/cross_bk_grass_day.png
copying file ./Payload/rps-ios.app/AMap.bundle/AMap3D.bundle/VM3DRes/road_bottom_day.png ... 
2024-04-23 1:49:56 AM +0000  1523 bytes for ./Payload/rps-ios.app/AMap.bundle/AMap3D.bundle/VM3DRes/road_bottom_day.png
2024-04-23 1:49:56 AM +0000  copying file ./Payload/rps-ios.app/AMap.bundle/AMap3D.bundle/VM3DRes/1016_1.png ... 
2024-04-23 1:49:56 AM +0000  370 bytes for ./Payload/rps-ios.app/AMap.bundle/AMap3D.bundle/VM3DRes/1016_1.png
copying file ./Payload/rps-ios.app/AMap.bundle/AMap3D.bundle/VM3DRes/1016_2.png ... 
2024-04-23 1:49:56 AM +0000  297 bytes for ./Payload/rps-ios.app/AMap.bundle/AMap3D.bundle/VM3DRes/1016_2.png
2024-04-23 1:49:56 AM +0000  copying file ./Payload/rps-ios.app/AMap.bundle/AMap3D.bundle/VM3DRes/d_yellow_day.png ... 
2024-04-23 1:49:56 AM +0000  15480 bytes for ./Payload/rps-ios.app/AMap.bundle/AMap3D.bundle/VM3DRes/d_yellow_day.png
2024-04-23 1:49:56 AM +0000  copying file ./Payload/rps-ios.app/AMap.bundle/AMap3D.bundle/VM3DRes/exit_label_bk_secondary_day.png ... 
2024-04-23 1:49:56 AM +0000  179 bytes for ./Payload/rps-ios.app/AMap.bundle/AMap3D.bundle/VM3DRes/exit_label_bk_secondary_day.png
copying file ./Payload/rps-ios.app/AMap.bundle/AMap3D.bundle/VM3DRes/grass_day.png ... 
2024-04-23 1:49:56 AM +0000  82 bytes for ./Payload/rps-ios.app/AMap.bundle/AMap3D.bundle/VM3DRes/grass_day.png
2024-04-23 1:49:56 AM +0000  copying file ./Payload/rps-ios.app/AMap.bundle/AMap3D.bundle/VM3DRes/1015_1.png ... 
2024-04-23 1:49:56 AM +0000  1094 bytes for ./Payload/rps-ios.app/AMap.bundle/AMap3D.bundle/VM3DRes/1015_1.png
2024-04-23 1:49:56 AM +0000  copying file ./Payload/rps-ios.app/AMap.bundle/AMap3D.bundle/VM3DRes/cross_bk_grass_night.png ... 
2024-04-23 1:49:56 AM +0000  60533 bytes for ./Payload/rps-ios.app/AMap.bundle/AMap3D.bundle/VM3DRes/cross_bk_grass_night.png
copying file ./Payload/rps-ios.app/AMap.bundle/AMap3D.bundle/VM3DRes/roadbk_main_day.png ... 
2024-04-23 1:49:56 AM +0000  99 bytes for ./Payload/rps-ios.app/AMap.bundle/AMap3D.bundle/VM3DRes/roadbk_main_day.png
copying file ./Payload/rps-ios.app/AMap.bundle/AMap3D.bundle/VM3DRes/1015_2.png ... 
2024-04-23 1:49:56 AM +0000  108 bytes for ./Payload/rps-ios.app/AMap.bundle/AMap3D.bundle/VM3DRes/1015_2.png
copying file ./Payload/rps-ios.app/AMap.bundle/AMap3D.bundle/VM3DRes/exit_label_bk_main_day.png ... 
2024-04-23 1:49:56 AM +0000  175 bytes for ./Payload/rps-ios.app/AMap.bundle/AMap3D.bundle/VM3DRes/exit_label_bk_main_day.png
copying file ./Payload/rps-ios.app/AMap.bundle/AMap3D.bundle/VM3DRes/cross_sky_day.png ... 
2024-04-23 1:49:56 AM +0000  20699 bytes for ./Payload/rps-ios.app/AMap.bundle/AMap3D.bundle/VM3DRes/cross_sky_day.png
copying file ./Payload/rps-ios.app/AMap.bundle/AMap3D.bundle/VM3DRes/road_bottom_night.png ... 
2024-04-23 1:49:56 AM +0000  1523 bytes for ./Payload/rps-ios.app/AMap.bundle/AMap3D.bundle/VM3DRes/road_bottom_night.png
2024-04-23 1:49:56 AM +0000  copying file ./Payload/rps-ios.app/AMap.bundle/AMap3D.bundle/VM3DRes/roadbk_main_night.png ... 
82 bytes for ./Payload/rps-ios.app/AMap.bundle/AMap3D.bundle/VM3DRes/roadbk_main_night.png
2024-04-23 1:49:56 AM +0000  copying file ./Payload/rps-ios.app/AMap.bundle/AMap3D.bundle/VM3DRes/crossing_day_bk.data ... 
2024-04-23 1:49:56 AM +0000  1199 bytes for ./Payload/rps-ios.app/AMap.bundle/AMap3D.bundle/VM3DRes/crossing_day_bk.data
2024-04-23 1:49:56 AM +0000  copying file ./Payload/rps-ios.app/AMap.bundle/AMap3D.bundle/icons_5_21_1680057953.data ... 
2024-04-23 1:49:56 AM +0000  184990 bytes for ./Payload/rps-ios.app/AMap.bundle/AMap3D.bundle/icons_5_21_1680057953.data
copying file ./Payload/rps-ios.app/AMap.bundle/AMap3D.bundle/bktile_n.data ... 
2024-04-23 1:49:56 AM +0000  1091 bytes for ./Payload/rps-ios.app/AMap.bundle/AMap3D.bundle/bktile_n.data
copying file ./Payload/rps-ios.app/AMap.bundle/AMap3D.bundle/icons_11_21_1680057953.data ... 
2024-04-23 1:49:56 AM +0000  91582 bytes for ./Payload/rps-ios.app/AMap.bundle/AMap3D.bundle/icons_11_21_1680057953.data
copying file ./Payload/rps-ios.app/AMap.bundle/AMap3D.bundle/tmc3d_allinone.data ... 
2024-04-23 1:49:56 AM +0000  21943 bytes for ./Payload/rps-ios.app/AMap.bundle/AMap3D.bundle/tmc3d_allinone.data
2024-04-23 1:49:56 AM +0000  copying file ./Payload/rps-ios.app/AMap.bundle/AMap3D.bundle/style_6_s_21_1678776860.data ... 
2024-04-23 1:49:56 AM +0000  48736 bytes for ./Payload/rps-ios.app/AMap.bundle/AMap3D.bundle/style_6_s_21_1678776860.data
2024-04-23 1:49:56 AM +0000  copying file ./Payload/rps-ios.app/AMap.bundle/AMap3D.bundle/icons_201_21_1680057953.data ... 
2024-04-23 1:49:56 AM +0000  176967 bytes for ./Payload/rps-ios.app/AMap.bundle/AMap3D.bundle/icons_201_21_1680057953.data
2024-04-23 1:49:56 AM +0000  copying file ./Payload/rps-ios.app/AMap.bundle/AMap3D.bundle/bktile.data ... 
1091 bytes for ./Payload/rps-ios.app/AMap.bundle/AMap3D.bundle/bktile.data
2024-04-23 1:49:56 AM +0000  copying file ./Payload/rps-ios.app/AMap.bundle/AMap3D.bundle/tmc3d_n_l_allinone.data ... 
2024-04-23 1:49:56 AM +0000  21943 bytes for ./Payload/rps-ios.app/AMap.bundle/AMap3D.bundle/tmc3d_n_l_allinone.data
2024-04-23 1:49:56 AM +0000  copying file ./Payload/rps-ios.app/AMap.bundle/AMap3D.bundle/style_35_s_21_1681131121.data ... 
2024-04-23 1:49:56 AM +0000  26484 bytes for ./Payload/rps-ios.app/AMap.bundle/AMap3D.bundle/style_35_s_21_1681131121.data
2024-04-23 1:49:56 AM +0000  copying file ./Payload/rps-ios.app/AMap.bundle/AMap3D.bundle/icons_6_21_1680057953.data ... 
2024-04-23 1:49:56 AM +0000  44499 bytes for ./Payload/rps-ios.app/AMap.bundle/AMap3D.bundle/icons_6_21_1680057953.data
copying file ./Payload/rps-ios.app/AMap.bundle/AMap3D.bundle/style_2_sh_m_21_1680057953.data ... 
2024-04-23 1:49:56 AM +0000  432 bytes for ./Payload/rps-ios.app/AMap.bundle/AMap3D.bundle/style_2_sh_m_21_1680057953.data
2024-04-23 1:49:56 AM +0000  copying file ./Payload/rps-ios.app/AMap.bundle/AMap3D.bundle/tmc3d_n_allinone.data ... 
2024-04-23 1:49:56 AM +0000  21919 bytes for ./Payload/rps-ios.app/AMap.bundle/AMap3D.bundle/tmc3d_n_allinone.data
2024-04-23 1:49:56 AM +0000  copying file ./Payload/rps-ios.app/AMap.bundle/AMap3D.bundle/dash_cd.data ... 
2024-04-23 1:49:56 AM +0000  1034 bytes for ./Payload/rps-ios.app/AMap.bundle/AMap3D.bundle/dash_cd.data
2024-04-23 1:49:56 AM +0000  copying file ./Payload/rps-ios.app/AMap.bundle/AMap3D.bundle/laneprofile_1_21_1681099982.data ... 
2024-04-23 1:49:56 AM +0000  2789 bytes for ./Payload/rps-ios.app/AMap.bundle/AMap3D.bundle/laneprofile_1_21_1681099982.data
2024-04-23 1:49:56 AM +0000  copying file ./Payload/rps-ios.app/AMap.bundle/AMap3D.bundle/search_scenic_icon.data ... 
2024-04-23 1:49:56 AM +0000  524355 bytes for ./Payload/rps-ios.app/AMap.bundle/AMap3D.bundle/search_scenic_icon.data
2024-04-23 1:49:56 AM +0000  copying file ./Payload/rps-ios.app/AMap.bundle/AMap3D.bundle/tmc_blind_allinone.data ... 
2024-04-23 1:49:56 AM +0000  21919 bytes for ./Payload/rps-ios.app/AMap.bundle/AMap3D.bundle/tmc_blind_allinone.data
2024-04-23 1:49:56 AM +0000  copying file ./Payload/rps-ios.app/AMap.bundle/AMap3D.bundle/style_1_sh_m_21_1680057953.data ... 
2024-04-23 1:49:56 AM +0000  447 bytes for ./Payload/rps-ios.app/AMap.bundle/AMap3D.bundle/style_1_sh_m_21_1680057953.data
copying file ./Payload/rps-ios.app/AMap.bundle/AMap3D.bundle/3d_sky_day.data ... 
2024-04-23 1:49:56 AM +0000  69975 bytes for ./Payload/rps-ios.app/AMap.bundle/AMap3D.bundle/3d_sky_day.data
2024-04-23 1:49:56 AM +0000  copying file ./Payload/rps-ios.app/AMap.bundle/AMap3D.bundle/style_19_s_21_1678776357.data ... 
2024-04-23 1:49:56 AM +0000  2437 bytes for ./Payload/rps-ios.app/AMap.bundle/AMap3D.bundle/style_19_s_21_1678776357.data
2024-04-23 1:49:56 AM +0000  copying file ./Payload/rps-ios.app/AMap.bundle/AMap3D.bundle/style_29_s_21_1679988739.data ... 
2024-04-23 1:49:56 AM +0000  11199 bytes for ./Payload/rps-ios.app/AMap.bundle/AMap3D.bundle/style_29_s_21_1679988739.data
2024-04-23 1:49:56 AM +0000  copying file ./Payload/rps-ios.app/AMap.bundle/AMap3D.bundle/style_0_21_1681133945.data ... 
2024-04-23 1:49:56 AM +0000  20545 bytes for ./Payload/rps-ios.app/AMap.bundle/AMap3D.bundle/style_0_21_1681133945.data
copying file ./Payload/rps-ios.app/AMap.bundle/AMap3D.bundle/style_35_sl_21_1681131121.data ... 
2024-04-23 1:49:56 AM +0000  26542 bytes for ./Payload/rps-ios.app/AMap.bundle/AMap3D.bundle/style_35_sl_21_1681131121.data
2024-04-23 1:49:56 AM +0000  copying file ./Payload/rps-ios.app/AMap.bundle/AMap3D.bundle/style_1_sh_21_1680057953.data ... 
2024-04-23 1:49:56 AM +0000  548 bytes for ./Payload/rps-ios.app/AMap.bundle/AMap3D.bundle/style_1_sh_21_1680057953.data
2024-04-23 1:49:56 AM +0000  copying file ./Payload/rps-ios.app/AMap.bundle/AMap3D.bundle/icons_3_21_1680057953.data ... 
2024-04-23 1:49:56 AM +0000  62418 bytes for ./Payload/rps-ios.app/AMap.bundle/AMap3D.bundle/icons_3_21_1680057953.data
copying file ./Payload/rps-ios.app/AMap.bundle/AMap3D.bundle/laneprofile_low_1_21_1680057984.data ... 
2024-04-23 1:49:56 AM +0000  2788 bytes for ./Payload/rps-ios.app/AMap.bundle/AMap3D.bundle/laneprofile_low_1_21_1680057984.data
2024-04-23 1:49:56 AM +0000  copying file ./Payload/rps-ios.app/AMap.bundle/AMap3D.bundle/tmc_n_allinone.data ... 
2024-04-23 1:49:56 AM +0000  21919 bytes for ./Payload/rps-ios.app/AMap.bundle/AMap3D.bundle/tmc_n_allinone.data
2024-04-23 1:49:56 AM +0000  copying file ./Payload/rps-ios.app/AMap.bundle/AMap3D.bundle/style_1_sl_21_1680092748.data ... 
2024-04-23 1:49:56 AM +0000  71268 bytes for ./Payload/rps-ios.app/AMap.bundle/AMap3D.bundle/style_1_sl_21_1680092748.data
copying file ./Payload/rps-ios.app/AMap.bundle/AMap3D.bundle/style_18_s_21_1678776921.data ... 
2024-04-23 1:49:56 AM +0000  31994 bytes for ./Payload/rps-ios.app/AMap.bundle/AMap3D.bundle/style_18_s_21_1678776921.data
copying file ./Payload/rps-ios.app/AMap.bundle/AMap3D.bundle/icons_74_21_1680057953.data ... 
2024-04-23 1:49:56 AM +0000  20263 bytes for ./Payload/rps-ios.app/AMap.bundle/AMap3D.bundle/icons_74_21_1680057953.data
copying file ./Payload/rps-ios.app/AMap.bundle/AMap3D.bundle/tmc_allinone.data ... 
2024-04-23 1:49:56 AM +0000  21919 bytes for ./Payload/rps-ios.app/AMap.bundle/AMap3D.bundle/tmc_allinone.data
2024-04-23 1:49:56 AM +0000  copying file ./Payload/rps-ios.app/AMap.bundle/AMap3D.bundle/style_4_s_21_1678776087.data ... 
2024-04-23 1:49:56 AM +0000  31443 bytes for ./Payload/rps-ios.app/AMap.bundle/AMap3D.bundle/style_4_s_21_1678776087.data
copying file ./Payload/rps-ios.app/AMap.bundle/AMap3D.bundle/styleiconslist.data ... 
2024-04-23 1:49:56 AM +0000  1663 bytes for ./Payload/rps-ios.app/AMap.bundle/AMap3D.bundle/styleiconslist.data
2024-04-23 1:49:56 AM +0000  copying file ./Payload/rps-ios.app/AMap.bundle/AMap3D.bundle/3d_sky_night.data ... 
2024-04-23 1:49:56 AM +0000  58925 bytes for ./Payload/rps-ios.app/AMap.bundle/AMap3D.bundle/3d_sky_night.data
copying file ./Payload/rps-ios.app/AMap.bundle/AMap3D.bundle/style_2_sl_21_1680589176.data ... 
2024-04-23 1:49:56 AM +0000  67093 bytes for ./Payload/rps-ios.app/AMap.bundle/AMap3D.bundle/style_2_sl_21_1680589176.data
copying file ./Payload/rps-ios.app/AMap.bundle/AMap3D.bundle/lineround.data ... 
2024-04-23 1:49:56 AM +0000  21911 bytes for ./Payload/rps-ios.app/AMap.bundle/AMap3D.bundle/lineround.data
2024-04-23 1:49:56 AM +0000  copying file ./Payload/rps-ios.app/AMap.bundle/AMap3D.bundle/icons_2_21_1680057953.data ... 
2024-04-23 1:49:56 AM +0000  63381 bytes for ./Payload/rps-ios.app/AMap.bundle/AMap3D.bundle/icons_2_21_1680057953.data
copying file ./Payload/rps-ios.app/AMap.bundle/AMap3D.bundle/icons_65_21_1680057953.data ... 
2024-04-23 1:49:56 AM +0000  63625 bytes for ./Payload/rps-ios.app/AMap.bundle/AMap3D.bundle/icons_65_21_1680057953.data
copying file ./Payload/rps-ios.app/AMap.bundle/AMap3D.bundle/style_38_s_21_1678777083.data ... 
2024-04-23 1:49:56 AM +0000  30386 bytes for ./Payload/rps-ios.app/AMap.bundle/AMap3D.bundle/style_38_s_21_1678777083.data
copying file ./Payload/rps-ios.app/AMap.bundle/AMap3D.bundle/tmc3d_blind_allinone.data ... 
2024-04-23 1:49:56 AM +0000  21943 bytes for ./Payload/rps-ios.app/AMap.bundle/AMap3D.bundle/tmc3d_blind_allinone.data
2024-04-23 1:49:56 AM +0000  copying file ./Payload/rps-ios.app/AMap.bundle/AMap3D.bundle/style_1_d_21_1680092748.data ... 
2024-04-23 1:49:56 AM +0000  23887 bytes for ./Payload/rps-ios.app/AMap.bundle/AMap3D.bundle/style_1_d_21_1680092748.data
copying file ./Payload/rps-ios.app/AMap.bundle/AMap3D.bundle/icons_25_21_1680057953.data ... 
2024-04-23 1:49:56 AM +0000  9453 bytes for ./Payload/rps-ios.app/AMap.bundle/AMap3D.bundle/icons_25_21_1680057953.data
2024-04-23 1:49:56 AM +0000  copying file ./Payload/rps-ios.app/AMap.bundle/AMap3D.bundle/style_100_s_21_1670999202.data ... 
2024-04-23 1:49:56 AM +0000  35341 bytes for ./Payload/rps-ios.app/AMap.bundle/AMap3D.bundle/style_100_s_21_1670999202.data
copying file ./Payload/rps-ios.app/AMap.bundle/AMap3D.bundle/style_1_s_21_1680092748.data ... 
2024-04-23 1:49:56 AM +0000  71274 bytes for ./Payload/rps-ios.app/AMap.bundle/AMap3D.bundle/style_1_s_21_1680092748.data
copying file ./Payload/rps-ios.app/AMap.bundle/AMap3D.bundle/style_1_sh_l_21_1680057953.data ... 
2024-04-23 1:49:56 AM +0000  540 bytes for ./Payload/rps-ios.app/AMap.bundle/AMap3D.bundle/style_1_sh_l_21_1680057953.data
2024-04-23 1:49:56 AM +0000  copying file ./Payload/rps-ios.app/AMap.bundle/AMap3D.bundle/anscii.fnt ... 
2024-04-23 1:49:56 AM +0000  14961 bytes for ./Payload/rps-ios.app/AMap.bundle/AMap3D.bundle/anscii.fnt
2024-04-23 1:49:56 AM +0000  copying file ./Payload/rps-ios.app/AMap.bundle/AMap3D.bundle/tmc_n_l_allinone.data ... 
2024-04-23 1:49:56 AM +0000  21919 bytes for ./Payload/rps-ios.app/AMap.bundle/AMap3D.bundle/tmc_n_l_allinone.data
2024-04-23 1:49:56 AM +0000  copying file ./Payload/rps-ios.app/AMap.bundle/AMap3D.bundle/style_8_s_21_1678776272.data ... 
2024-04-23 1:49:56 AM +0000  30323 bytes for ./Payload/rps-ios.app/AMap.bundle/AMap3D.bundle/style_8_s_21_1678776272.data
copying file ./Payload/rps-ios.app/AMap.bundle/AMap3D.bundle/icons_1_21_1680057953.data ... 
2024-04-23 1:49:56 AM +0000  83971 bytes for ./Payload/rps-ios.app/AMap.bundle/AMap3D.bundle/icons_1_21_1680057953.data
2024-04-23 1:49:56 AM +0000  copying file ./Payload/rps-ios.app/AMap.bundle/AMap3D.bundle/style_36_sh_21_1680057953.data ... 
2024-04-23 1:49:56 AM +0000  384 bytes for ./Payload/rps-ios.app/AMap.bundle/AMap3D.bundle/style_36_sh_21_1680057953.data
copying file ./Payload/rps-ios.app/AMap.bundle/AMap3D.bundle/tmc_l_allinone.data ... 
2024-04-23 1:49:56 AM +0000  21919 bytes for ./Payload/rps-ios.app/AMap.bundle/AMap3D.bundle/tmc_l_allinone.data
2024-04-23 1:49:56 AM +0000  copying file ./Payload/rps-ios.app/AMap.bundle/AMap3D.bundle/style_39_s_21_1678777105.data ... 
2024-04-23 1:49:56 AM +0000  25201 bytes for ./Payload/rps-ios.app/AMap.bundle/AMap3D.bundle/style_39_s_21_1678777105.data
copying file ./Payload/rps-ios.app/AMap.bundle/AMap3D.bundle/style_36_s_21_1678777060.data ... 
2024-04-23 1:49:56 AM +0000  22218 bytes for ./Payload/rps-ios.app/AMap.bundle/AMap3D.bundle/style_36_s_21_1678777060.data
copying file ./Payload/rps-ios.app/AMap.bundle/AMap3D.bundle/icons_60_21_1680057953.data ... 
2024-04-23 1:49:56 AM +0000  84048 bytes for ./Payload/rps-ios.app/AMap.bundle/AMap3D.bundle/icons_60_21_1680057953.data
copying file ./Payload/rps-ios.app/AMap.bundle/AMap3D.bundle/dash_tq.data ... 
2024-04-23 1:49:56 AM +0000  249 bytes for ./Payload/rps-ios.app/AMap.bundle/AMap3D.bundle/dash_tq.data
copying file ./Payload/rps-ios.app/AMap.bundle/AMap3D.bundle/icons_40_21_1680057953.data ... 
2024-04-23 1:49:56 AM +0000  77490 bytes for ./Payload/rps-ios.app/AMap.bundle/AMap3D.bundle/icons_40_21_1680057953.data
copying file ./Payload/rps-ios.app/AMap.bundle/AMap3D.bundle/mapprofile_1_21_1680057984.data ... 
2024-04-23 1:49:56 AM +0000  3143 bytes for ./Payload/rps-ios.app/AMap.bundle/AMap3D.bundle/mapprofile_1_21_1680057984.data
2024-04-23 1:49:56 AM +0000  copying file ./Payload/rps-ios.app/AMap.bundle/AMap3D.bundle/icons_50_21_1680057953.data ... 
2024-04-23 1:49:56 AM +0000  56611 bytes for ./Payload/rps-ios.app/AMap.bundle/AMap3D.bundle/icons_50_21_1680057953.data
2024-04-23 1:49:56 AM +0000  copying file ./Payload/rps-ios.app/AMap.bundle/AMap3D.bundle/style_50_s_21_1675145929.data ... 
2024-04-23 1:49:56 AM +0000  7926 bytes for ./Payload/rps-ios.app/AMap.bundle/AMap3D.bundle/style_50_s_21_1675145929.data
2024-04-23 1:49:56 AM +0000  copying file ./Payload/rps-ios.app/AMap.bundle/AMap3D.bundle/icons_9_21_1684757273.data ... 
2024-04-23 1:49:56 AM +0000  124290 bytes for ./Payload/rps-ios.app/AMap.bundle/AMap3D.bundle/icons_9_21_1684757273.data
copying file ./Payload/rps-ios.app/AMap.bundle/AMap3D.bundle/style_2_sh_l_21_1680057953.data ... 
2024-04-23 1:49:56 AM +0000  667 bytes for ./Payload/rps-ios.app/AMap.bundle/AMap3D.bundle/style_2_sh_l_21_1680057953.data
2024-04-23 1:49:56 AM +0000  copying file ./Payload/rps-ios.app/AMap.bundle/AMap3D.bundle/config_2_21_1680057984.data ... 
2024-04-23 1:49:56 AM +0000  365 bytes for ./Payload/rps-ios.app/AMap.bundle/AMap3D.bundle/config_2_21_1680057984.data
2024-04-23 1:49:56 AM +0000  copying file ./Payload/rps-ios.app/AMap.bundle/AMap3D.bundle/style_3_s_21_1678710524.data ... 
2024-04-23 1:49:56 AM +0000  29968 bytes for ./Payload/rps-ios.app/AMap.bundle/AMap3D.bundle/style_3_s_21_1678710524.data
copying file ./Payload/rps-ios.app/AMap.bundle/AMap3D.bundle/style_16_s_21_1678776309.data ... 
2024-04-23 1:49:56 AM +0000  2414 bytes for ./Payload/rps-ios.app/AMap.bundle/AMap3D.bundle/style_16_s_21_1678776309.data
2024-04-23 1:49:56 AM +0000  copying file ./Payload/rps-ios.app/AMap.bundle/AMap3D.bundle/config_1_21_1680057984.data ... 
2024-04-23 1:49:56 AM +0000  2336 bytes for ./Payload/rps-ios.app/AMap.bundle/AMap3D.bundle/config_1_21_1680057984.data
2024-04-23 1:49:56 AM +0000  copying file ./Payload/rps-ios.app/AMap.bundle/AMap3D.bundle/tmc3d_l_allinone.data ... 
2024-04-23 1:49:56 AM +0000  21943 bytes for ./Payload/rps-ios.app/AMap.bundle/AMap3D.bundle/tmc3d_l_allinone.data
2024-04-23 1:49:56 AM +0000  copying file ./Payload/rps-ios.app/AMap.bundle/AMap3D.bundle/style_2_sh_21_1680057953.data ... 
2024-04-23 1:49:56 AM +0000  675 bytes for ./Payload/rps-ios.app/AMap.bundle/AMap3D.bundle/style_2_sh_21_1680057953.data
2024-04-23 1:49:56 AM +0000  copying file ./Payload/rps-ios.app/AMap.bundle/AMap3D.bundle/mapprofile_2_21_1680057984.data ... 
2024-04-23 1:49:56 AM +0000  2874 bytes for ./Payload/rps-ios.app/AMap.bundle/AMap3D.bundle/mapprofile_2_21_1680057984.data
2024-04-23 1:49:56 AM +0000  copying file ./Payload/rps-ios.app/AMap.bundle/AMap3D.bundle/laneprofile_mid_1_21_1680057984.data ... 
2024-04-23 1:49:56 AM +0000  2788 bytes for ./Payload/rps-ios.app/AMap.bundle/AMap3D.bundle/laneprofile_mid_1_21_1680057984.data
2024-04-23 1:49:56 AM +0000  copying file ./Payload/rps-ios.app/AMap.bundle/AMap3D.bundle/icons_10_21_1680057953.data ... 
2024-04-23 1:49:56 AM +0000  66606 bytes for ./Payload/rps-ios.app/AMap.bundle/AMap3D.bundle/icons_10_21_1680057953.data
copying file ./Payload/rps-ios.app/AMap.bundle/AMap3D.bundle/style_36_sl_21_1678777060.data ... 
2024-04-23 1:49:56 AM +0000  22226 bytes for ./Payload/rps-ios.app/AMap.bundle/AMap3D.bundle/style_36_sl_21_1678777060.data
2024-04-23 1:49:56 AM +0000  copying file ./Payload/rps-ios.app/AMap.bundle/AMap3D.bundle/icons_4_21_1680057953.data ... 
2024-04-23 1:49:56 AM +0000  60633 bytes for ./Payload/rps-ios.app/AMap.bundle/AMap3D.bundle/icons_4_21_1680057953.data
copying file ./Payload/rps-ios.app/Assets.car ... 
2024-04-23 1:49:56 AM +0000  3594984 bytes for ./Payload/rps-ios.app/Assets.car
copying file ./Payload/rps-ios.app/AppIcon76x76@2x~ipad.png ... 
2024-04-23 1:49:56 AM +0000  8521 bytes for ./Payload/rps-ios.app/AppIcon76x76@2x~ipad.png
copying file ./Payload/rps-ios.app/embedded.mobileprovision ... 
2024-04-23 1:49:56 AM +0000  16869 bytes for ./Payload/rps-ios.app/embedded.mobileprovision
2024-04-23 1:49:56 AM +0000  copying file ./Payload/rps-ios.app/Info.plist ... 
2024-04-23 1:49:56 AM +0000  1789 bytes for ./Payload/rps-ios.app/Info.plist
2024-04-23 1:49:56 AM +0000  copying file ./Payload/rps-ios.app/PkgInfo ... 
8 bytes for ./Payload/rps-ios.app/PkgInfo
2024-04-23 1:49:56 AM +0000  /usr/bin/ditto exited with 0
2024-04-23 1:49:56 AM +0000  Processing step: IDEDistributionAppStoreInformationStep
2024-04-23 1:49:56 AM +0000  Skipping step: IDEDistributionAppStoreInformationStep because it said so
2024-04-23 1:49:56 AM +0000  Processing step: IDEDistributionGenerateProcessedDistributionItems
2024-04-23 1:49:56 AM +0000  IDEDistributionItem init <DVTFilePath:0x60002f707200:'/var/folders/j7/2_qmngh50758hxcgppsh16t00000gn/T/XcodeDistPipeline.~~~mQjs5T/Root/Payload/rps-ios.app'>
2024-04-23 1:49:56 AM +0000  Processing step: IDEDistributionCreateManifestStep
